Spark Command: /usr/local/jdk1.8.0_51/bin/java -cp /s/chopin/a/grad/joyghosh/Source-Recommendation-System/spark-2.4.4-bin-hadoop2.7/conf/:/s/chopin/a/grad/joyghosh/Source-Recommendation-System/spark-2.4.4-bin-hadoop2.7/jars/*:/s/chopin/a/grad/joyghosh/Documents/Code/cs555/FlightHadoopAssignment/hadoop-conf/ -Xmx1g org.apache.spark.deploy.worker.Worker --webui-port 8082 spark://santa-fe.cs.colostate.edu:47002
========================================
2019-11-14 16:20:04,591 INFO worker.Worker: Started daemon with process name: 28276@saint-paul
2019-11-14 16:20:04,600 INFO util.SignalUtils: Registered signal handler for TERM
2019-11-14 16:20:04,601 INFO util.SignalUtils: Registered signal handler for HUP
2019-11-14 16:20:04,601 INFO util.SignalUtils: Registered signal handler for INT
2019-11-14 16:20:05,210 WARN util.NativeCodeLoader: Unable to load native-hadoop library for your platform... using builtin-java classes where applicable
2019-11-14 16:20:05,337 INFO spark.SecurityManager: Changing view acls to: joyghosh
2019-11-14 16:20:05,337 INFO spark.SecurityManager: Changing modify acls to: joyghosh
2019-11-14 16:20:05,338 INFO spark.SecurityManager: Changing view acls groups to: 
2019-11-14 16:20:05,339 INFO spark.SecurityManager: Changing modify acls groups to: 
2019-11-14 16:20:05,340 INFO spark.SecurityManager: SecurityManager: authentication disabled; ui acls disabled; users  with view permissions: Set(joyghosh); groups with view permissions: Set(); users  with modify permissions: Set(joyghosh); groups with modify permissions: Set()
2019-11-14 16:20:05,762 INFO util.Utils: Successfully started service 'sparkWorker' on port 35665.
2019-11-14 16:20:05,999 INFO worker.Worker: Starting Spark worker 129.82.44.168:35665 with 1 cores, 2.0 GB RAM
2019-11-14 16:20:06,004 INFO worker.Worker: Running Spark version 2.4.4
2019-11-14 16:20:06,004 INFO worker.Worker: Spark home: /s/chopin/a/grad/joyghosh/Source-Recommendation-System/spark-2.4.4-bin-hadoop2.7
2019-11-14 16:20:06,075 INFO util.log: Logging initialized @3191ms
2019-11-14 16:20:06,133 INFO server.Server: jetty-9.3.z-SNAPSHOT, build timestamp: unknown, git hash: unknown
2019-11-14 16:20:06,149 INFO server.Server: Started @3267ms
2019-11-14 16:20:06,167 WARN util.Utils: Service 'WorkerUI' could not bind on port 8082. Attempting port 8083.
2019-11-14 16:20:06,167 WARN util.Utils: Service 'WorkerUI' could not bind on port 8083. Attempting port 8084.
2019-11-14 16:20:06,167 WARN util.Utils: Service 'WorkerUI' could not bind on port 8084. Attempting port 8085.
2019-11-14 16:20:06,168 WARN util.Utils: Service 'WorkerUI' could not bind on port 8085. Attempting port 8086.
2019-11-14 16:20:06,168 WARN util.Utils: Service 'WorkerUI' could not bind on port 8086. Attempting port 8087.
2019-11-14 16:20:06,168 WARN util.Utils: Service 'WorkerUI' could not bind on port 8087. Attempting port 8088.
2019-11-14 16:20:06,168 WARN util.Utils: Service 'WorkerUI' could not bind on port 8088. Attempting port 8089.
2019-11-14 16:20:06,169 WARN util.Utils: Service 'WorkerUI' could not bind on port 8089. Attempting port 8090.
2019-11-14 16:20:06,169 WARN util.Utils: Service 'WorkerUI' could not bind on port 8090. Attempting port 8091.
2019-11-14 16:20:06,169 WARN util.Utils: Service 'WorkerUI' could not bind on port 8091. Attempting port 8092.
2019-11-14 16:20:06,170 WARN util.Utils: Service 'WorkerUI' could not bind on port 8092. Attempting port 8093.
2019-11-14 16:20:06,170 WARN util.Utils: Service 'WorkerUI' could not bind on port 8093. Attempting port 8094.
2019-11-14 16:20:06,170 WARN util.Utils: Service 'WorkerUI' could not bind on port 8094. Attempting port 8095.
2019-11-14 16:20:06,171 WARN util.Utils: Service 'WorkerUI' could not bind on port 8095. Attempting port 8096.
2019-11-14 16:20:06,171 WARN util.Utils: Service 'WorkerUI' could not bind on port 8096. Attempting port 8097.
2019-11-14 16:20:06,171 WARN util.Utils: Service 'WorkerUI' could not bind on port 8097. Attempting port 8098.
2019-11-14 16:20:06,177 INFO server.AbstractConnector: Started ServerConnector@55208b{HTTP/1.1,[http/1.1]}{0.0.0.0:8098}
2019-11-14 16:20:06,177 INFO util.Utils: Successfully started service 'WorkerUI' on port 8098.
2019-11-14 16:20:06,208 INFO handler.ContextHandler: Started o.s.j.s.ServletContextHandler@18b1de7{/logPage,null,AVAILABLE,@Spark}
2019-11-14 16:20:06,208 INFO handler.ContextHandler: Started o.s.j.s.ServletContextHandler@1a7ba3b{/logPage/json,null,AVAILABLE,@Spark}
2019-11-14 16:20:06,209 INFO handler.ContextHandler: Started o.s.j.s.ServletContextHandler@1d100eb{/,null,AVAILABLE,@Spark}
2019-11-14 16:20:06,210 INFO handler.ContextHandler: Started o.s.j.s.ServletContextHandler@b133cb{/json,null,AVAILABLE,@Spark}
2019-11-14 16:20:06,220 INFO handler.ContextHandler: Started o.s.j.s.ServletContextHandler@213144{/static,null,AVAILABLE,@Spark}
2019-11-14 16:20:06,220 INFO handler.ContextHandler: Started o.s.j.s.ServletContextHandler@d9e4ec{/log,null,AVAILABLE,@Spark}
2019-11-14 16:20:06,223 INFO ui.WorkerWebUI: Bound WorkerWebUI to 0.0.0.0, and started at http://saint-paul.cs.colostate.edu:8098
2019-11-14 16:20:06,225 INFO worker.Worker: Connecting to master santa-fe.cs.colostate.edu:47002...
2019-11-14 16:20:06,275 INFO handler.ContextHandler: Started o.s.j.s.ServletContextHandler@5eff32{/metrics/json,null,AVAILABLE,@Spark}
2019-11-14 16:20:06,346 INFO client.TransportClientFactory: Successfully created connection to santa-fe.cs.colostate.edu/129.82.44.171:47002 after 64 ms (0 ms spent in bootstraps)
2019-11-14 16:20:06,466 INFO worker.Worker: Successfully registered with master spark://santa-fe.cs.colostate.edu:47002
2019-11-14 16:21:24,610 INFO worker.Worker: Asked to launch executor app-20191114162124-0000/0 for PySparkShell
2019-11-14 16:21:24,640 INFO spark.SecurityManager: Changing view acls to: joyghosh
2019-11-14 16:21:24,640 INFO spark.SecurityManager: Changing modify acls to: joyghosh
2019-11-14 16:21:24,640 INFO spark.SecurityManager: Changing view acls groups to: 
2019-11-14 16:21:24,640 INFO spark.SecurityManager: Changing modify acls groups to: 
2019-11-14 16:21:24,640 INFO spark.SecurityManager: SecurityManager: authentication disabled; ui acls disabled; users  with view permissions: Set(joyghosh); groups with view permissions: Set(); users  with modify permissions: Set(joyghosh); groups with modify permissions: Set()
2019-11-14 16:21:24,693 INFO worker.ExecutorRunner: Launch command: "/usr/local/jdk1.8.0_51/bin/java" "-cp" "/s/chopin/a/grad/joyghosh/Source-Recommendation-System/spark-2.4.4-bin-hadoop2.7/conf/:/s/chopin/a/grad/joyghosh/Source-Recommendation-System/spark-2.4.4-bin-hadoop2.7/jars/*:/s/chopin/a/grad/joyghosh/Documents/Code/cs555/FlightHadoopAssignment/hadoop-conf/" "-Xmx1024M" "-Dspark.driver.port=42931" "org.apache.spark.executor.CoarseGrainedExecutorBackend" "--driver-url" "spark://CoarseGrainedScheduler@santa-fe.cs.colostate.edu:42931" "--executor-id" "0" "--hostname" "129.82.44.168" "--cores" "1" "--app-id" "app-20191114162124-0000" "--worker-url" "spark://Worker@129.82.44.168:35665"
2019-11-14 16:21:48,450 INFO worker.Worker: Asked to kill executor app-20191114162124-0000/0
2019-11-14 16:21:48,451 INFO worker.ExecutorRunner: Runner thread for executor app-20191114162124-0000/0 interrupted
2019-11-14 16:21:48,452 INFO worker.ExecutorRunner: Killing process!
2019-11-14 16:21:48,482 INFO worker.Worker: Executor app-20191114162124-0000/0 finished with state KILLED exitStatus 143
2019-11-14 16:21:48,483 INFO shuffle.ExternalShuffleBlockResolver: Clean up non-shuffle files associated with the finished executor 0
2019-11-14 16:21:48,484 INFO shuffle.ExternalShuffleBlockResolver: Executor is not registered (appId=app-20191114162124-0000, execId=0)
2019-11-14 16:21:48,550 INFO shuffle.ExternalShuffleBlockResolver: Application app-20191114162124-0000 removed, cleanupLocalDirs = true
2019-11-14 16:21:48,550 INFO worker.Worker: Cleaning up local directories for application app-20191114162124-0000
