Spark Command: /usr/local/jdk1.8.0_51/bin/java -cp /s/chopin/a/grad/joyghosh/Source-Recommendation-System/spark-2.4.4-bin-hadoop2.7/conf/:/s/chopin/a/grad/joyghosh/Source-Recommendation-System/spark-2.4.4-bin-hadoop2.7/jars/*:/s/chopin/a/grad/joyghosh/Source-Recommendation-System/hadoop-conf/ -Xmx1g org.apache.spark.deploy.worker.Worker --webui-port 8082 spark://santa-fe.cs.colostate.edu:47002
========================================
2019-11-21 19:01:25,741 INFO worker.Worker: Started daemon with process name: 29611@tallahassee
2019-11-21 19:01:25,752 INFO util.SignalUtils: Registered signal handler for TERM
2019-11-21 19:01:25,753 INFO util.SignalUtils: Registered signal handler for HUP
2019-11-21 19:01:25,753 INFO util.SignalUtils: Registered signal handler for INT
2019-11-21 19:01:26,271 WARN util.NativeCodeLoader: Unable to load native-hadoop library for your platform... using builtin-java classes where applicable
2019-11-21 19:01:26,409 INFO spark.SecurityManager: Changing view acls to: joyghosh
2019-11-21 19:01:26,409 INFO spark.SecurityManager: Changing modify acls to: joyghosh
2019-11-21 19:01:26,410 INFO spark.SecurityManager: Changing view acls groups to: 
2019-11-21 19:01:26,410 INFO spark.SecurityManager: Changing modify acls groups to: 
2019-11-21 19:01:26,411 INFO spark.SecurityManager: SecurityManager: authentication disabled; ui acls disabled; users  with view permissions: Set(joyghosh); groups with view permissions: Set(); users  with modify permissions: Set(joyghosh); groups with modify permissions: Set()
2019-11-21 19:01:26,856 INFO util.Utils: Successfully started service 'sparkWorker' on port 33385.
2019-11-21 19:01:27,111 INFO worker.Worker: Starting Spark worker 129.82.44.173:33385 with 1 cores, 2.0 GB RAM
2019-11-21 19:01:27,115 INFO worker.Worker: Running Spark version 2.4.4
2019-11-21 19:01:27,115 INFO worker.Worker: Spark home: /s/chopin/a/grad/joyghosh/Source-Recommendation-System/spark-2.4.4-bin-hadoop2.7
2019-11-21 19:01:27,167 INFO util.log: Logging initialized @3349ms
2019-11-21 19:01:27,218 INFO server.Server: jetty-9.3.z-SNAPSHOT, build timestamp: unknown, git hash: unknown
2019-11-21 19:01:27,239 INFO server.Server: Started @3422ms
2019-11-21 19:01:27,253 WARN util.Utils: Service 'WorkerUI' could not bind on port 8082. Attempting port 8083.
2019-11-21 19:01:27,253 WARN util.Utils: Service 'WorkerUI' could not bind on port 8083. Attempting port 8084.
2019-11-21 19:01:27,254 WARN util.Utils: Service 'WorkerUI' could not bind on port 8084. Attempting port 8085.
2019-11-21 19:01:27,254 WARN util.Utils: Service 'WorkerUI' could not bind on port 8085. Attempting port 8086.
2019-11-21 19:01:27,254 WARN util.Utils: Service 'WorkerUI' could not bind on port 8086. Attempting port 8087.
2019-11-21 19:01:27,254 WARN util.Utils: Service 'WorkerUI' could not bind on port 8087. Attempting port 8088.
2019-11-21 19:01:27,260 INFO server.AbstractConnector: Started ServerConnector@347eb9{HTTP/1.1,[http/1.1]}{0.0.0.0:8088}
2019-11-21 19:01:27,260 INFO util.Utils: Successfully started service 'WorkerUI' on port 8088.
2019-11-21 19:01:27,285 INFO handler.ContextHandler: Started o.s.j.s.ServletContextHandler@c38727{/logPage,null,AVAILABLE,@Spark}
2019-11-21 19:01:27,286 INFO handler.ContextHandler: Started o.s.j.s.ServletContextHandler@16ab48f{/logPage/json,null,AVAILABLE,@Spark}
2019-11-21 19:01:27,287 INFO handler.ContextHandler: Started o.s.j.s.ServletContextHandler@fa60{/,null,AVAILABLE,@Spark}
2019-11-21 19:01:27,288 INFO handler.ContextHandler: Started o.s.j.s.ServletContextHandler@9e7d54{/json,null,AVAILABLE,@Spark}
2019-11-21 19:01:27,297 INFO handler.ContextHandler: Started o.s.j.s.ServletContextHandler@3c7604{/static,null,AVAILABLE,@Spark}
2019-11-21 19:01:27,298 INFO handler.ContextHandler: Started o.s.j.s.ServletContextHandler@9e85b8{/log,null,AVAILABLE,@Spark}
2019-11-21 19:01:27,301 INFO ui.WorkerWebUI: Bound WorkerWebUI to 0.0.0.0, and started at http://tallahassee.cs.colostate.edu:8088
2019-11-21 19:01:27,304 INFO worker.Worker: Connecting to master santa-fe.cs.colostate.edu:47002...
2019-11-21 19:01:27,334 INFO handler.ContextHandler: Started o.s.j.s.ServletContextHandler@fe566c{/metrics/json,null,AVAILABLE,@Spark}
2019-11-21 19:01:27,444 INFO client.TransportClientFactory: Successfully created connection to santa-fe.cs.colostate.edu/129.82.44.171:47002 after 100 ms (0 ms spent in bootstraps)
2019-11-21 19:01:27,527 INFO worker.Worker: Successfully registered with master spark://santa-fe.cs.colostate.edu:47002
2019-11-21 19:05:29,985 INFO worker.Worker: Asked to launch executor app-20191121190529-0000/13 for PySparkShell
2019-11-21 19:05:30,009 INFO spark.SecurityManager: Changing view acls to: joyghosh
2019-11-21 19:05:30,009 INFO spark.SecurityManager: Changing modify acls to: joyghosh
2019-11-21 19:05:30,009 INFO spark.SecurityManager: Changing view acls groups to: 
2019-11-21 19:05:30,009 INFO spark.SecurityManager: Changing modify acls groups to: 
2019-11-21 19:05:30,009 INFO spark.SecurityManager: SecurityManager: authentication disabled; ui acls disabled; users  with view permissions: Set(joyghosh); groups with view permissions: Set(); users  with modify permissions: Set(joyghosh); groups with modify permissions: Set()
2019-11-21 19:05:30,089 INFO worker.ExecutorRunner: Launch command: "/usr/local/jdk1.8.0_51/bin/java" "-cp" "/s/chopin/a/grad/joyghosh/Source-Recommendation-System/spark-2.4.4-bin-hadoop2.7/conf/:/s/chopin/a/grad/joyghosh/Source-Recommendation-System/spark-2.4.4-bin-hadoop2.7/jars/*:/s/chopin/a/grad/joyghosh/Source-Recommendation-System/hadoop-conf/" "-Xmx1024M" "-Dspark.driver.port=38011" "org.apache.spark.executor.CoarseGrainedExecutorBackend" "--driver-url" "spark://CoarseGrainedScheduler@santa-fe.cs.colostate.edu:38011" "--executor-id" "13" "--hostname" "129.82.44.173" "--cores" "1" "--app-id" "app-20191121190529-0000" "--worker-url" "spark://Worker@129.82.44.173:33385"
2019-11-21 19:31:36,237 INFO worker.Worker: Asked to kill executor app-20191121190529-0000/13
2019-11-21 19:31:36,240 INFO worker.ExecutorRunner: Runner thread for executor app-20191121190529-0000/13 interrupted
2019-11-21 19:31:36,240 INFO worker.ExecutorRunner: Killing process!
2019-11-21 19:31:36,282 INFO worker.Worker: Executor app-20191121190529-0000/13 finished with state KILLED exitStatus 0
2019-11-21 19:31:36,282 INFO shuffle.ExternalShuffleBlockResolver: Clean up non-shuffle files associated with the finished executor 13
2019-11-21 19:31:36,283 INFO shuffle.ExternalShuffleBlockResolver: Executor is not registered (appId=app-20191121190529-0000, execId=13)
2019-11-21 19:31:36,285 INFO shuffle.ExternalShuffleBlockResolver: Application app-20191121190529-0000 removed, cleanupLocalDirs = true
2019-11-21 19:31:36,285 INFO worker.Worker: Cleaning up local directories for application app-20191121190529-0000
