Spark Command: /usr/local/jdk1.8.0_51/bin/java -cp /s/chopin/a/grad/joyghosh/Source-Recommendation-System/spark-2.4.4-bin-hadoop2.7/conf/:/s/chopin/a/grad/joyghosh/Source-Recommendation-System/spark-2.4.4-bin-hadoop2.7/jars/*:/s/chopin/a/grad/joyghosh/Documents/Code/cs555/FlightHadoopAssignment/hadoop-conf/ -Xmx1g org.apache.spark.deploy.worker.Worker --webui-port 8082 spark://santa-fe.cs.colostate.edu:47002
========================================
2019-11-14 16:20:04,072 INFO worker.Worker: Started daemon with process name: 28247@phoenix
2019-11-14 16:20:04,086 INFO util.SignalUtils: Registered signal handler for TERM
2019-11-14 16:20:04,087 INFO util.SignalUtils: Registered signal handler for HUP
2019-11-14 16:20:04,087 INFO util.SignalUtils: Registered signal handler for INT
2019-11-14 16:20:04,705 WARN util.NativeCodeLoader: Unable to load native-hadoop library for your platform... using builtin-java classes where applicable
2019-11-14 16:20:04,845 INFO spark.SecurityManager: Changing view acls to: joyghosh
2019-11-14 16:20:04,846 INFO spark.SecurityManager: Changing modify acls to: joyghosh
2019-11-14 16:20:04,846 INFO spark.SecurityManager: Changing view acls groups to: 
2019-11-14 16:20:04,849 INFO spark.SecurityManager: Changing modify acls groups to: 
2019-11-14 16:20:04,850 INFO spark.SecurityManager: SecurityManager: authentication disabled; ui acls disabled; users  with view permissions: Set(joyghosh); groups with view permissions: Set(); users  with modify permissions: Set(joyghosh); groups with modify permissions: Set()
2019-11-14 16:20:05,335 INFO util.Utils: Successfully started service 'sparkWorker' on port 46211.
2019-11-14 16:20:05,570 INFO worker.Worker: Starting Spark worker 129.82.44.162:46211 with 1 cores, 2.0 GB RAM
2019-11-14 16:20:05,573 INFO worker.Worker: Running Spark version 2.4.4
2019-11-14 16:20:05,573 INFO worker.Worker: Spark home: /s/chopin/a/grad/joyghosh/Source-Recommendation-System/spark-2.4.4-bin-hadoop2.7
2019-11-14 16:20:05,627 INFO util.log: Logging initialized @3274ms
2019-11-14 16:20:05,681 INFO server.Server: jetty-9.3.z-SNAPSHOT, build timestamp: unknown, git hash: unknown
2019-11-14 16:20:05,698 INFO server.Server: Started @3345ms
2019-11-14 16:20:05,714 WARN util.Utils: Service 'WorkerUI' could not bind on port 8082. Attempting port 8083.
2019-11-14 16:20:05,715 WARN util.Utils: Service 'WorkerUI' could not bind on port 8083. Attempting port 8084.
2019-11-14 16:20:05,715 WARN util.Utils: Service 'WorkerUI' could not bind on port 8084. Attempting port 8085.
2019-11-14 16:20:05,715 WARN util.Utils: Service 'WorkerUI' could not bind on port 8085. Attempting port 8086.
2019-11-14 16:20:05,715 WARN util.Utils: Service 'WorkerUI' could not bind on port 8086. Attempting port 8087.
2019-11-14 16:20:05,716 WARN util.Utils: Service 'WorkerUI' could not bind on port 8087. Attempting port 8088.
2019-11-14 16:20:05,721 INFO server.AbstractConnector: Started ServerConnector@13d2427{HTTP/1.1,[http/1.1]}{0.0.0.0:8088}
2019-11-14 16:20:05,721 INFO util.Utils: Successfully started service 'WorkerUI' on port 8088.
2019-11-14 16:20:05,747 INFO handler.ContextHandler: Started o.s.j.s.ServletContextHandler@1fdedc1{/logPage,null,AVAILABLE,@Spark}
2019-11-14 16:20:05,747 INFO handler.ContextHandler: Started o.s.j.s.ServletContextHandler@192e3df{/logPage/json,null,AVAILABLE,@Spark}
2019-11-14 16:20:05,753 INFO handler.ContextHandler: Started o.s.j.s.ServletContextHandler@16f1568{/,null,AVAILABLE,@Spark}
2019-11-14 16:20:05,755 INFO handler.ContextHandler: Started o.s.j.s.ServletContextHandler@13ed51c{/json,null,AVAILABLE,@Spark}
2019-11-14 16:20:05,768 INFO handler.ContextHandler: Started o.s.j.s.ServletContextHandler@102493f{/static,null,AVAILABLE,@Spark}
2019-11-14 16:20:05,769 INFO handler.ContextHandler: Started o.s.j.s.ServletContextHandler@17e86a1{/log,null,AVAILABLE,@Spark}
2019-11-14 16:20:05,772 INFO ui.WorkerWebUI: Bound WorkerWebUI to 0.0.0.0, and started at http://phoenix.cs.colostate.edu:8088
2019-11-14 16:20:05,774 INFO worker.Worker: Connecting to master santa-fe.cs.colostate.edu:47002...
2019-11-14 16:20:05,804 INFO handler.ContextHandler: Started o.s.j.s.ServletContextHandler@1c9dc47{/metrics/json,null,AVAILABLE,@Spark}
2019-11-14 16:20:05,884 INFO client.TransportClientFactory: Successfully created connection to santa-fe.cs.colostate.edu/129.82.44.171:47002 after 74 ms (0 ms spent in bootstraps)
2019-11-14 16:20:06,118 INFO worker.Worker: Successfully registered with master spark://santa-fe.cs.colostate.edu:47002
2019-11-14 16:21:24,622 INFO worker.Worker: Asked to launch executor app-20191114162124-0000/6 for PySparkShell
2019-11-14 16:21:24,648 INFO spark.SecurityManager: Changing view acls to: joyghosh
2019-11-14 16:21:24,648 INFO spark.SecurityManager: Changing modify acls to: joyghosh
2019-11-14 16:21:24,648 INFO spark.SecurityManager: Changing view acls groups to: 
2019-11-14 16:21:24,648 INFO spark.SecurityManager: Changing modify acls groups to: 
2019-11-14 16:21:24,648 INFO spark.SecurityManager: SecurityManager: authentication disabled; ui acls disabled; users  with view permissions: Set(joyghosh); groups with view permissions: Set(); users  with modify permissions: Set(joyghosh); groups with modify permissions: Set()
2019-11-14 16:21:24,705 INFO worker.ExecutorRunner: Launch command: "/usr/local/jdk1.8.0_51/bin/java" "-cp" "/s/chopin/a/grad/joyghosh/Source-Recommendation-System/spark-2.4.4-bin-hadoop2.7/conf/:/s/chopin/a/grad/joyghosh/Source-Recommendation-System/spark-2.4.4-bin-hadoop2.7/jars/*:/s/chopin/a/grad/joyghosh/Documents/Code/cs555/FlightHadoopAssignment/hadoop-conf/" "-Xmx1024M" "-Dspark.driver.port=42931" "org.apache.spark.executor.CoarseGrainedExecutorBackend" "--driver-url" "spark://CoarseGrainedScheduler@santa-fe.cs.colostate.edu:42931" "--executor-id" "6" "--hostname" "129.82.44.162" "--cores" "1" "--app-id" "app-20191114162124-0000" "--worker-url" "spark://Worker@129.82.44.162:46211"
2019-11-14 16:21:48,448 INFO worker.Worker: Asked to kill executor app-20191114162124-0000/6
2019-11-14 16:21:48,449 INFO worker.ExecutorRunner: Runner thread for executor app-20191114162124-0000/6 interrupted
2019-11-14 16:21:48,450 INFO worker.ExecutorRunner: Killing process!
2019-11-14 16:21:48,481 INFO worker.Worker: Executor app-20191114162124-0000/6 finished with state KILLED exitStatus 143
2019-11-14 16:21:48,482 INFO shuffle.ExternalShuffleBlockResolver: Clean up non-shuffle files associated with the finished executor 6
2019-11-14 16:21:48,482 INFO shuffle.ExternalShuffleBlockResolver: Executor is not registered (appId=app-20191114162124-0000, execId=6)
2019-11-14 16:21:48,540 INFO worker.Worker: Cleaning up local directories for application app-20191114162124-0000
2019-11-14 16:21:48,540 INFO shuffle.ExternalShuffleBlockResolver: Application app-20191114162124-0000 removed, cleanupLocalDirs = true
