Spark Command: /usr/local/jdk1.8.0_51/bin/java -cp /s/chopin/a/grad/joyghosh/Source-Recommendation-System/spark-2.4.4-bin-hadoop2.7/conf/:/s/chopin/a/grad/joyghosh/Source-Recommendation-System/spark-2.4.4-bin-hadoop2.7/jars/*:/s/chopin/a/grad/joyghosh/Source-Recommendation-System/hadoop-conf/ -Xmx1g org.apache.spark.deploy.worker.Worker --webui-port 8081 spark://santa-fe.cs.colostate.edu:47002
========================================
2019-11-21 19:01:25,737 INFO worker.Worker: Started daemon with process name: 31765@topeka
2019-11-21 19:01:25,745 INFO util.SignalUtils: Registered signal handler for TERM
2019-11-21 19:01:25,746 INFO util.SignalUtils: Registered signal handler for HUP
2019-11-21 19:01:25,746 INFO util.SignalUtils: Registered signal handler for INT
2019-11-21 19:01:26,242 WARN util.NativeCodeLoader: Unable to load native-hadoop library for your platform... using builtin-java classes where applicable
2019-11-21 19:01:26,373 INFO spark.SecurityManager: Changing view acls to: joyghosh
2019-11-21 19:01:26,373 INFO spark.SecurityManager: Changing modify acls to: joyghosh
2019-11-21 19:01:26,374 INFO spark.SecurityManager: Changing view acls groups to: 
2019-11-21 19:01:26,374 INFO spark.SecurityManager: Changing modify acls groups to: 
2019-11-21 19:01:26,375 INFO spark.SecurityManager: SecurityManager: authentication disabled; ui acls disabled; users  with view permissions: Set(joyghosh); groups with view permissions: Set(); users  with modify permissions: Set(joyghosh); groups with modify permissions: Set()
2019-11-21 19:01:26,789 INFO util.Utils: Successfully started service 'sparkWorker' on port 44537.
2019-11-21 19:01:27,035 INFO worker.Worker: Starting Spark worker 129.82.44.174:44537 with 1 cores, 2.0 GB RAM
2019-11-21 19:01:27,039 INFO worker.Worker: Running Spark version 2.4.4
2019-11-21 19:01:27,039 INFO worker.Worker: Spark home: /s/chopin/a/grad/joyghosh/Source-Recommendation-System/spark-2.4.4-bin-hadoop2.7
2019-11-21 19:01:27,099 INFO util.log: Logging initialized @3008ms
2019-11-21 19:01:27,147 INFO server.Server: jetty-9.3.z-SNAPSHOT, build timestamp: unknown, git hash: unknown
2019-11-21 19:01:27,163 INFO server.Server: Started @3074ms
2019-11-21 19:01:27,188 INFO server.AbstractConnector: Started ServerConnector@118a95e{HTTP/1.1,[http/1.1]}{0.0.0.0:8081}
2019-11-21 19:01:27,188 INFO util.Utils: Successfully started service 'WorkerUI' on port 8081.
2019-11-21 19:01:27,222 INFO handler.ContextHandler: Started o.s.j.s.ServletContextHandler@8de817{/logPage,null,AVAILABLE,@Spark}
2019-11-21 19:01:27,223 INFO handler.ContextHandler: Started o.s.j.s.ServletContextHandler@146ead6{/logPage/json,null,AVAILABLE,@Spark}
2019-11-21 19:01:27,223 INFO handler.ContextHandler: Started o.s.j.s.ServletContextHandler@15ab652{/,null,AVAILABLE,@Spark}
2019-11-21 19:01:27,230 INFO handler.ContextHandler: Started o.s.j.s.ServletContextHandler@63a6b7{/json,null,AVAILABLE,@Spark}
2019-11-21 19:01:27,239 INFO handler.ContextHandler: Started o.s.j.s.ServletContextHandler@57f577{/static,null,AVAILABLE,@Spark}
2019-11-21 19:01:27,240 INFO handler.ContextHandler: Started o.s.j.s.ServletContextHandler@17fe0b3{/log,null,AVAILABLE,@Spark}
2019-11-21 19:01:27,242 INFO ui.WorkerWebUI: Bound WorkerWebUI to 0.0.0.0, and started at http://topeka.cs.colostate.edu:8081
2019-11-21 19:01:27,244 INFO worker.Worker: Connecting to master santa-fe.cs.colostate.edu:47002...
2019-11-21 19:01:27,270 INFO handler.ContextHandler: Started o.s.j.s.ServletContextHandler@b4906d{/metrics/json,null,AVAILABLE,@Spark}
2019-11-21 19:01:27,336 INFO client.TransportClientFactory: Successfully created connection to santa-fe.cs.colostate.edu/129.82.44.171:47002 after 61 ms (0 ms spent in bootstraps)
2019-11-21 19:01:27,419 INFO worker.Worker: Successfully registered with master spark://santa-fe.cs.colostate.edu:47002
2019-11-21 19:05:29,981 INFO worker.Worker: Asked to launch executor app-20191121190529-0000/14 for PySparkShell
2019-11-21 19:05:30,013 INFO spark.SecurityManager: Changing view acls to: joyghosh
2019-11-21 19:05:30,013 INFO spark.SecurityManager: Changing modify acls to: joyghosh
2019-11-21 19:05:30,014 INFO spark.SecurityManager: Changing view acls groups to: 
2019-11-21 19:05:30,025 INFO spark.SecurityManager: Changing modify acls groups to: 
2019-11-21 19:05:30,025 INFO spark.SecurityManager: SecurityManager: authentication disabled; ui acls disabled; users  with view permissions: Set(joyghosh); groups with view permissions: Set(); users  with modify permissions: Set(joyghosh); groups with modify permissions: Set()
2019-11-21 19:05:30,084 INFO worker.ExecutorRunner: Launch command: "/usr/local/jdk1.8.0_51/bin/java" "-cp" "/s/chopin/a/grad/joyghosh/Source-Recommendation-System/spark-2.4.4-bin-hadoop2.7/conf/:/s/chopin/a/grad/joyghosh/Source-Recommendation-System/spark-2.4.4-bin-hadoop2.7/jars/*:/s/chopin/a/grad/joyghosh/Source-Recommendation-System/hadoop-conf/" "-Xmx1024M" "-Dspark.driver.port=38011" "org.apache.spark.executor.CoarseGrainedExecutorBackend" "--driver-url" "spark://CoarseGrainedScheduler@santa-fe.cs.colostate.edu:38011" "--executor-id" "14" "--hostname" "129.82.44.174" "--cores" "1" "--app-id" "app-20191121190529-0000" "--worker-url" "spark://Worker@129.82.44.174:44537"
2019-11-21 19:31:36,239 INFO worker.Worker: Asked to kill executor app-20191121190529-0000/14
2019-11-21 19:31:36,241 INFO worker.ExecutorRunner: Runner thread for executor app-20191121190529-0000/14 interrupted
2019-11-21 19:31:36,242 INFO worker.ExecutorRunner: Killing process!
2019-11-21 19:31:36,271 INFO worker.Worker: Executor app-20191121190529-0000/14 finished with state KILLED exitStatus 143
2019-11-21 19:31:36,272 INFO shuffle.ExternalShuffleBlockResolver: Clean up non-shuffle files associated with the finished executor 14
2019-11-21 19:31:36,273 INFO shuffle.ExternalShuffleBlockResolver: Executor is not registered (appId=app-20191121190529-0000, execId=14)
2019-11-21 19:31:36,276 INFO shuffle.ExternalShuffleBlockResolver: Application app-20191121190529-0000 removed, cleanupLocalDirs = true
2019-11-21 19:31:36,276 INFO worker.Worker: Cleaning up local directories for application app-20191121190529-0000
