Spark Command: /usr/local/jdk1.8.0_51/bin/java -cp /s/chopin/a/grad/joyghosh/Source-Recommendation-System/spark-2.4.4-bin-hadoop2.7/conf/:/s/chopin/a/grad/joyghosh/Source-Recommendation-System/spark-2.4.4-bin-hadoop2.7/jars/*:/s/chopin/a/grad/joyghosh/Source-Recommendation-System/hadoop-conf/ -Xmx1g org.apache.spark.deploy.worker.Worker --webui-port 8081 spark://santa-fe.cs.colostate.edu:47002
========================================
2019-11-21 19:01:25,734 INFO worker.Worker: Started daemon with process name: 25841@richmond
2019-11-21 19:01:25,742 INFO util.SignalUtils: Registered signal handler for TERM
2019-11-21 19:01:25,742 INFO util.SignalUtils: Registered signal handler for HUP
2019-11-21 19:01:25,743 INFO util.SignalUtils: Registered signal handler for INT
2019-11-21 19:01:26,230 WARN util.NativeCodeLoader: Unable to load native-hadoop library for your platform... using builtin-java classes where applicable
2019-11-21 19:01:26,346 INFO spark.SecurityManager: Changing view acls to: joyghosh
2019-11-21 19:01:26,346 INFO spark.SecurityManager: Changing modify acls to: joyghosh
2019-11-21 19:01:26,347 INFO spark.SecurityManager: Changing view acls groups to: 
2019-11-21 19:01:26,348 INFO spark.SecurityManager: Changing modify acls groups to: 
2019-11-21 19:01:26,349 INFO spark.SecurityManager: SecurityManager: authentication disabled; ui acls disabled; users  with view permissions: Set(joyghosh); groups with view permissions: Set(); users  with modify permissions: Set(joyghosh); groups with modify permissions: Set()
2019-11-21 19:01:26,830 INFO util.Utils: Successfully started service 'sparkWorker' on port 46699.
2019-11-21 19:01:27,056 INFO worker.Worker: Starting Spark worker 129.82.44.166:46699 with 1 cores, 2.0 GB RAM
2019-11-21 19:01:27,059 INFO worker.Worker: Running Spark version 2.4.4
2019-11-21 19:01:27,060 INFO worker.Worker: Spark home: /s/chopin/a/grad/joyghosh/Source-Recommendation-System/spark-2.4.4-bin-hadoop2.7
2019-11-21 19:01:27,109 INFO util.log: Logging initialized @3110ms
2019-11-21 19:01:27,160 INFO server.Server: jetty-9.3.z-SNAPSHOT, build timestamp: unknown, git hash: unknown
2019-11-21 19:01:27,180 INFO server.Server: Started @3183ms
2019-11-21 19:01:27,194 WARN util.Utils: Service 'WorkerUI' could not bind on port 8081. Attempting port 8082.
2019-11-21 19:01:27,194 WARN util.Utils: Service 'WorkerUI' could not bind on port 8082. Attempting port 8083.
2019-11-21 19:01:27,194 WARN util.Utils: Service 'WorkerUI' could not bind on port 8083. Attempting port 8084.
2019-11-21 19:01:27,195 WARN util.Utils: Service 'WorkerUI' could not bind on port 8084. Attempting port 8085.
2019-11-21 19:01:27,195 WARN util.Utils: Service 'WorkerUI' could not bind on port 8085. Attempting port 8086.
2019-11-21 19:01:27,195 WARN util.Utils: Service 'WorkerUI' could not bind on port 8086. Attempting port 8087.
2019-11-21 19:01:27,195 WARN util.Utils: Service 'WorkerUI' could not bind on port 8087. Attempting port 8088.
2019-11-21 19:01:27,196 WARN util.Utils: Service 'WorkerUI' could not bind on port 8088. Attempting port 8089.
2019-11-21 19:01:27,196 WARN util.Utils: Service 'WorkerUI' could not bind on port 8089. Attempting port 8090.
2019-11-21 19:01:27,196 WARN util.Utils: Service 'WorkerUI' could not bind on port 8090. Attempting port 8091.
2019-11-21 19:01:27,201 INFO server.AbstractConnector: Started ServerConnector@d82fd6{HTTP/1.1,[http/1.1]}{0.0.0.0:8091}
2019-11-21 19:01:27,202 INFO util.Utils: Successfully started service 'WorkerUI' on port 8091.
2019-11-21 19:01:27,232 INFO handler.ContextHandler: Started o.s.j.s.ServletContextHandler@10ee33e{/logPage,null,AVAILABLE,@Spark}
2019-11-21 19:01:27,233 INFO handler.ContextHandler: Started o.s.j.s.ServletContextHandler@609791{/logPage/json,null,AVAILABLE,@Spark}
2019-11-21 19:01:27,233 INFO handler.ContextHandler: Started o.s.j.s.ServletContextHandler@c4ae7b{/,null,AVAILABLE,@Spark}
2019-11-21 19:01:27,234 INFO handler.ContextHandler: Started o.s.j.s.ServletContextHandler@1b437d7{/json,null,AVAILABLE,@Spark}
2019-11-21 19:01:27,241 INFO handler.ContextHandler: Started o.s.j.s.ServletContextHandler@1f2f76f{/static,null,AVAILABLE,@Spark}
2019-11-21 19:01:27,241 INFO handler.ContextHandler: Started o.s.j.s.ServletContextHandler@40eeb0{/log,null,AVAILABLE,@Spark}
2019-11-21 19:01:27,245 INFO ui.WorkerWebUI: Bound WorkerWebUI to 0.0.0.0, and started at http://richmond.cs.colostate.edu:8091
2019-11-21 19:01:27,248 INFO worker.Worker: Connecting to master santa-fe.cs.colostate.edu:47002...
2019-11-21 19:01:27,290 INFO handler.ContextHandler: Started o.s.j.s.ServletContextHandler@1b7267f{/metrics/json,null,AVAILABLE,@Spark}
2019-11-21 19:01:27,376 INFO client.TransportClientFactory: Successfully created connection to santa-fe.cs.colostate.edu/129.82.44.171:47002 after 98 ms (0 ms spent in bootstraps)
2019-11-21 19:01:27,445 INFO worker.Worker: Successfully registered with master spark://santa-fe.cs.colostate.edu:47002
2019-11-21 19:05:29,968 INFO worker.Worker: Asked to launch executor app-20191121190529-0000/2 for PySparkShell
2019-11-21 19:05:29,992 INFO spark.SecurityManager: Changing view acls to: joyghosh
2019-11-21 19:05:29,992 INFO spark.SecurityManager: Changing modify acls to: joyghosh
2019-11-21 19:05:29,992 INFO spark.SecurityManager: Changing view acls groups to: 
2019-11-21 19:05:29,992 INFO spark.SecurityManager: Changing modify acls groups to: 
2019-11-21 19:05:29,992 INFO spark.SecurityManager: SecurityManager: authentication disabled; ui acls disabled; users  with view permissions: Set(joyghosh); groups with view permissions: Set(); users  with modify permissions: Set(joyghosh); groups with modify permissions: Set()
2019-11-21 19:05:30,077 INFO worker.ExecutorRunner: Launch command: "/usr/local/jdk1.8.0_51/bin/java" "-cp" "/s/chopin/a/grad/joyghosh/Source-Recommendation-System/spark-2.4.4-bin-hadoop2.7/conf/:/s/chopin/a/grad/joyghosh/Source-Recommendation-System/spark-2.4.4-bin-hadoop2.7/jars/*:/s/chopin/a/grad/joyghosh/Source-Recommendation-System/hadoop-conf/" "-Xmx1024M" "-Dspark.driver.port=38011" "org.apache.spark.executor.CoarseGrainedExecutorBackend" "--driver-url" "spark://CoarseGrainedScheduler@santa-fe.cs.colostate.edu:38011" "--executor-id" "2" "--hostname" "129.82.44.166" "--cores" "1" "--app-id" "app-20191121190529-0000" "--worker-url" "spark://Worker@129.82.44.166:46699"
2019-11-21 19:31:36,236 INFO worker.Worker: Asked to kill executor app-20191121190529-0000/2
2019-11-21 19:31:36,239 INFO worker.ExecutorRunner: Runner thread for executor app-20191121190529-0000/2 interrupted
2019-11-21 19:31:36,239 INFO worker.ExecutorRunner: Killing process!
2019-11-21 19:31:36,335 INFO worker.Worker: Executor app-20191121190529-0000/2 finished with state KILLED exitStatus 0
2019-11-21 19:31:36,335 INFO shuffle.ExternalShuffleBlockResolver: Clean up non-shuffle files associated with the finished executor 2
2019-11-21 19:31:36,336 INFO shuffle.ExternalShuffleBlockResolver: Executor is not registered (appId=app-20191121190529-0000, execId=2)
2019-11-21 19:31:36,338 INFO shuffle.ExternalShuffleBlockResolver: Application app-20191121190529-0000 removed, cleanupLocalDirs = true
2019-11-21 19:31:36,338 INFO worker.Worker: Cleaning up local directories for application app-20191121190529-0000
