Spark Command: /usr/local/jdk1.8.0_51/bin/java -cp /s/chopin/a/grad/joyghosh/Source-Recommendation-System/spark-2.4.4-bin-hadoop2.7/conf/:/s/chopin/a/grad/joyghosh/Source-Recommendation-System/spark-2.4.4-bin-hadoop2.7/jars/*:/s/chopin/a/grad/joyghosh/Source-Recommendation-System/hadoop-conf/ -Xmx1g org.apache.spark.deploy.worker.Worker --webui-port 8081 spark://santa-fe.cs.colostate.edu:47002
========================================
2019-11-21 19:01:16,260 INFO worker.Worker: Started daemon with process name: 18954@saint-paul
2019-11-21 19:01:16,271 INFO util.SignalUtils: Registered signal handler for TERM
2019-11-21 19:01:16,272 INFO util.SignalUtils: Registered signal handler for HUP
2019-11-21 19:01:16,272 INFO util.SignalUtils: Registered signal handler for INT
2019-11-21 19:01:17,124 WARN util.NativeCodeLoader: Unable to load native-hadoop library for your platform... using builtin-java classes where applicable
2019-11-21 19:01:17,369 INFO spark.SecurityManager: Changing view acls to: joyghosh
2019-11-21 19:01:17,370 INFO spark.SecurityManager: Changing modify acls to: joyghosh
2019-11-21 19:01:17,370 INFO spark.SecurityManager: Changing view acls groups to: 
2019-11-21 19:01:17,371 INFO spark.SecurityManager: Changing modify acls groups to: 
2019-11-21 19:01:17,372 INFO spark.SecurityManager: SecurityManager: authentication disabled; ui acls disabled; users  with view permissions: Set(joyghosh); groups with view permissions: Set(); users  with modify permissions: Set(joyghosh); groups with modify permissions: Set()
2019-11-21 19:01:18,324 INFO util.Utils: Successfully started service 'sparkWorker' on port 37725.
2019-11-21 19:01:18,674 INFO worker.Worker: Starting Spark worker 129.82.44.168:37725 with 1 cores, 2.0 GB RAM
2019-11-21 19:01:18,681 INFO worker.Worker: Running Spark version 2.4.4
2019-11-21 19:01:18,682 INFO worker.Worker: Spark home: /s/chopin/a/grad/joyghosh/Source-Recommendation-System/spark-2.4.4-bin-hadoop2.7
2019-11-21 19:01:18,755 INFO util.log: Logging initialized @4533ms
2019-11-21 19:01:18,836 INFO server.Server: jetty-9.3.z-SNAPSHOT, build timestamp: unknown, git hash: unknown
2019-11-21 19:01:18,895 INFO server.Server: Started @4675ms
2019-11-21 19:01:18,916 WARN util.Utils: Service 'WorkerUI' could not bind on port 8081. Attempting port 8082.
2019-11-21 19:01:18,917 WARN util.Utils: Service 'WorkerUI' could not bind on port 8082. Attempting port 8083.
2019-11-21 19:01:18,917 WARN util.Utils: Service 'WorkerUI' could not bind on port 8083. Attempting port 8084.
2019-11-21 19:01:18,917 WARN util.Utils: Service 'WorkerUI' could not bind on port 8084. Attempting port 8085.
2019-11-21 19:01:18,918 WARN util.Utils: Service 'WorkerUI' could not bind on port 8085. Attempting port 8086.
2019-11-21 19:01:18,920 WARN util.Utils: Service 'WorkerUI' could not bind on port 8086. Attempting port 8087.
2019-11-21 19:01:18,932 INFO server.AbstractConnector: Started ServerConnector@12360b7{HTTP/1.1,[http/1.1]}{0.0.0.0:8087}
2019-11-21 19:01:18,932 INFO util.Utils: Successfully started service 'WorkerUI' on port 8087.
2019-11-21 19:01:19,029 INFO handler.ContextHandler: Started o.s.j.s.ServletContextHandler@13a1cd6{/logPage,null,AVAILABLE,@Spark}
2019-11-21 19:01:19,029 INFO handler.ContextHandler: Started o.s.j.s.ServletContextHandler@1e32bf7{/logPage/json,null,AVAILABLE,@Spark}
2019-11-21 19:01:19,030 INFO handler.ContextHandler: Started o.s.j.s.ServletContextHandler@114e474{/,null,AVAILABLE,@Spark}
2019-11-21 19:01:19,031 INFO handler.ContextHandler: Started o.s.j.s.ServletContextHandler@1b48571{/json,null,AVAILABLE,@Spark}
2019-11-21 19:01:19,043 INFO handler.ContextHandler: Started o.s.j.s.ServletContextHandler@1b8b923{/static,null,AVAILABLE,@Spark}
2019-11-21 19:01:19,044 INFO handler.ContextHandler: Started o.s.j.s.ServletContextHandler@167e4ca{/log,null,AVAILABLE,@Spark}
2019-11-21 19:01:19,046 INFO ui.WorkerWebUI: Bound WorkerWebUI to 0.0.0.0, and started at http://saint-paul.cs.colostate.edu:8087
2019-11-21 19:01:19,053 INFO worker.Worker: Connecting to master santa-fe.cs.colostate.edu:47002...
2019-11-21 19:01:19,154 INFO handler.ContextHandler: Started o.s.j.s.ServletContextHandler@1bf5c44{/metrics/json,null,AVAILABLE,@Spark}
2019-11-21 19:01:19,441 INFO client.TransportClientFactory: Successfully created connection to santa-fe.cs.colostate.edu/129.82.44.171:47002 after 284 ms (0 ms spent in bootstraps)
2019-11-21 19:01:19,603 INFO worker.Worker: Successfully registered with master spark://santa-fe.cs.colostate.edu:47002
2019-11-21 19:05:29,979 INFO worker.Worker: Asked to launch executor app-20191121190529-0000/5 for PySparkShell
2019-11-21 19:05:30,029 INFO spark.SecurityManager: Changing view acls to: joyghosh
2019-11-21 19:05:30,029 INFO spark.SecurityManager: Changing modify acls to: joyghosh
2019-11-21 19:05:30,029 INFO spark.SecurityManager: Changing view acls groups to: 
2019-11-21 19:05:30,029 INFO spark.SecurityManager: Changing modify acls groups to: 
2019-11-21 19:05:30,029 INFO spark.SecurityManager: SecurityManager: authentication disabled; ui acls disabled; users  with view permissions: Set(joyghosh); groups with view permissions: Set(); users  with modify permissions: Set(joyghosh); groups with modify permissions: Set()
2019-11-21 19:05:30,210 INFO worker.ExecutorRunner: Launch command: "/usr/local/jdk1.8.0_51/bin/java" "-cp" "/s/chopin/a/grad/joyghosh/Source-Recommendation-System/spark-2.4.4-bin-hadoop2.7/conf/:/s/chopin/a/grad/joyghosh/Source-Recommendation-System/spark-2.4.4-bin-hadoop2.7/jars/*:/s/chopin/a/grad/joyghosh/Source-Recommendation-System/hadoop-conf/" "-Xmx1024M" "-Dspark.driver.port=38011" "org.apache.spark.executor.CoarseGrainedExecutorBackend" "--driver-url" "spark://CoarseGrainedScheduler@santa-fe.cs.colostate.edu:38011" "--executor-id" "5" "--hostname" "129.82.44.168" "--cores" "1" "--app-id" "app-20191121190529-0000" "--worker-url" "spark://Worker@129.82.44.168:37725"
2019-11-21 19:31:36,243 INFO worker.Worker: Asked to kill executor app-20191121190529-0000/5
2019-11-21 19:31:36,246 INFO worker.ExecutorRunner: Runner thread for executor app-20191121190529-0000/5 interrupted
2019-11-21 19:31:36,247 INFO worker.ExecutorRunner: Killing process!
2019-11-21 19:31:36,690 INFO worker.Worker: Executor app-20191121190529-0000/5 finished with state KILLED exitStatus 143
2019-11-21 19:31:36,693 INFO shuffle.ExternalShuffleBlockResolver: Clean up non-shuffle files associated with the finished executor 5
2019-11-21 19:31:36,694 INFO shuffle.ExternalShuffleBlockResolver: Executor is not registered (appId=app-20191121190529-0000, execId=5)
2019-11-21 19:31:36,700 INFO shuffle.ExternalShuffleBlockResolver: Application app-20191121190529-0000 removed, cleanupLocalDirs = true
2019-11-21 19:31:36,700 INFO worker.Worker: Cleaning up local directories for application app-20191121190529-0000
