Spark Command: /usr/local/jdk1.8.0_51/bin/java -cp /s/chopin/a/grad/joyghosh/Source-Recommendation-System/spark-2.4.4-bin-hadoop2.7/conf/:/s/chopin/a/grad/joyghosh/Source-Recommendation-System/spark-2.4.4-bin-hadoop2.7/jars/*:/s/chopin/a/grad/joyghosh/Source-Recommendation-System/hadoop-conf/ -Xmx1g org.apache.spark.deploy.worker.Worker --webui-port 8081 spark://santa-fe.cs.colostate.edu:47002
========================================
2019-11-21 19:01:25,732 INFO worker.Worker: Started daemon with process name: 14146@pierre
2019-11-21 19:01:25,739 INFO util.SignalUtils: Registered signal handler for TERM
2019-11-21 19:01:25,740 INFO util.SignalUtils: Registered signal handler for HUP
2019-11-21 19:01:25,740 INFO util.SignalUtils: Registered signal handler for INT
2019-11-21 19:01:26,210 WARN util.NativeCodeLoader: Unable to load native-hadoop library for your platform... using builtin-java classes where applicable
2019-11-21 19:01:26,354 INFO spark.SecurityManager: Changing view acls to: joyghosh
2019-11-21 19:01:26,355 INFO spark.SecurityManager: Changing modify acls to: joyghosh
2019-11-21 19:01:26,355 INFO spark.SecurityManager: Changing view acls groups to: 
2019-11-21 19:01:26,356 INFO spark.SecurityManager: Changing modify acls groups to: 
2019-11-21 19:01:26,357 INFO spark.SecurityManager: SecurityManager: authentication disabled; ui acls disabled; users  with view permissions: Set(joyghosh); groups with view permissions: Set(); users  with modify permissions: Set(joyghosh); groups with modify permissions: Set()
2019-11-21 19:01:26,868 INFO util.Utils: Successfully started service 'sparkWorker' on port 41885.
2019-11-21 19:01:27,136 INFO worker.Worker: Starting Spark worker 129.82.44.163:41885 with 1 cores, 2.0 GB RAM
2019-11-21 19:01:27,141 INFO worker.Worker: Running Spark version 2.4.4
2019-11-21 19:01:27,142 INFO worker.Worker: Spark home: /s/chopin/a/grad/joyghosh/Source-Recommendation-System/spark-2.4.4-bin-hadoop2.7
2019-11-21 19:01:27,204 INFO util.log: Logging initialized @3306ms
2019-11-21 19:01:27,267 INFO server.Server: jetty-9.3.z-SNAPSHOT, build timestamp: unknown, git hash: unknown
2019-11-21 19:01:27,283 INFO server.Server: Started @3386ms
2019-11-21 19:01:27,298 WARN util.Utils: Service 'WorkerUI' could not bind on port 8081. Attempting port 8082.
2019-11-21 19:01:27,298 WARN util.Utils: Service 'WorkerUI' could not bind on port 8082. Attempting port 8083.
2019-11-21 19:01:27,299 WARN util.Utils: Service 'WorkerUI' could not bind on port 8083. Attempting port 8084.
2019-11-21 19:01:27,306 INFO server.AbstractConnector: Started ServerConnector@1949ed9{HTTP/1.1,[http/1.1]}{0.0.0.0:8084}
2019-11-21 19:01:27,306 INFO util.Utils: Successfully started service 'WorkerUI' on port 8084.
2019-11-21 19:01:27,332 INFO handler.ContextHandler: Started o.s.j.s.ServletContextHandler@da377e{/logPage,null,AVAILABLE,@Spark}
2019-11-21 19:01:27,332 INFO handler.ContextHandler: Started o.s.j.s.ServletContextHandler@358dba{/logPage/json,null,AVAILABLE,@Spark}
2019-11-21 19:01:27,333 INFO handler.ContextHandler: Started o.s.j.s.ServletContextHandler@82d97e{/,null,AVAILABLE,@Spark}
2019-11-21 19:01:27,334 INFO handler.ContextHandler: Started o.s.j.s.ServletContextHandler@1d2d3e8{/json,null,AVAILABLE,@Spark}
2019-11-21 19:01:27,351 INFO handler.ContextHandler: Started o.s.j.s.ServletContextHandler@11ec7f5{/static,null,AVAILABLE,@Spark}
2019-11-21 19:01:27,352 INFO handler.ContextHandler: Started o.s.j.s.ServletContextHandler@16ca013{/log,null,AVAILABLE,@Spark}
2019-11-21 19:01:27,354 INFO ui.WorkerWebUI: Bound WorkerWebUI to 0.0.0.0, and started at http://pierre.cs.colostate.edu:8084
2019-11-21 19:01:27,358 INFO worker.Worker: Connecting to master santa-fe.cs.colostate.edu:47002...
2019-11-21 19:01:27,392 INFO handler.ContextHandler: Started o.s.j.s.ServletContextHandler@196d215{/metrics/json,null,AVAILABLE,@Spark}
2019-11-21 19:01:27,454 INFO client.TransportClientFactory: Successfully created connection to santa-fe.cs.colostate.edu/129.82.44.171:47002 after 64 ms (0 ms spent in bootstraps)
2019-11-21 19:01:27,515 INFO worker.Worker: Successfully registered with master spark://santa-fe.cs.colostate.edu:47002
2019-11-21 19:05:29,965 INFO worker.Worker: Asked to launch executor app-20191121190529-0000/3 for PySparkShell
2019-11-21 19:05:30,002 INFO spark.SecurityManager: Changing view acls to: joyghosh
2019-11-21 19:05:30,003 INFO spark.SecurityManager: Changing modify acls to: joyghosh
2019-11-21 19:05:30,003 INFO spark.SecurityManager: Changing view acls groups to: 
2019-11-21 19:05:30,003 INFO spark.SecurityManager: Changing modify acls groups to: 
2019-11-21 19:05:30,003 INFO spark.SecurityManager: SecurityManager: authentication disabled; ui acls disabled; users  with view permissions: Set(joyghosh); groups with view permissions: Set(); users  with modify permissions: Set(joyghosh); groups with modify permissions: Set()
2019-11-21 19:05:30,079 INFO worker.ExecutorRunner: Launch command: "/usr/local/jdk1.8.0_51/bin/java" "-cp" "/s/chopin/a/grad/joyghosh/Source-Recommendation-System/spark-2.4.4-bin-hadoop2.7/conf/:/s/chopin/a/grad/joyghosh/Source-Recommendation-System/spark-2.4.4-bin-hadoop2.7/jars/*:/s/chopin/a/grad/joyghosh/Source-Recommendation-System/hadoop-conf/" "-Xmx1024M" "-Dspark.driver.port=38011" "org.apache.spark.executor.CoarseGrainedExecutorBackend" "--driver-url" "spark://CoarseGrainedScheduler@santa-fe.cs.colostate.edu:38011" "--executor-id" "3" "--hostname" "129.82.44.163" "--cores" "1" "--app-id" "app-20191121190529-0000" "--worker-url" "spark://Worker@129.82.44.163:41885"
2019-11-21 19:31:36,238 INFO worker.Worker: Asked to kill executor app-20191121190529-0000/3
2019-11-21 19:31:36,240 INFO worker.ExecutorRunner: Runner thread for executor app-20191121190529-0000/3 interrupted
2019-11-21 19:31:36,240 INFO worker.ExecutorRunner: Killing process!
2019-11-21 19:31:36,279 INFO worker.Worker: Executor app-20191121190529-0000/3 finished with state KILLED exitStatus 0
2019-11-21 19:31:36,279 INFO shuffle.ExternalShuffleBlockResolver: Clean up non-shuffle files associated with the finished executor 3
2019-11-21 19:31:36,280 INFO shuffle.ExternalShuffleBlockResolver: Executor is not registered (appId=app-20191121190529-0000, execId=3)
2019-11-21 19:31:36,282 INFO shuffle.ExternalShuffleBlockResolver: Application app-20191121190529-0000 removed, cleanupLocalDirs = true
2019-11-21 19:31:36,282 INFO worker.Worker: Cleaning up local directories for application app-20191121190529-0000
