Spark Command: /usr/local/jdk1.8.0_51/bin/java -cp /s/chopin/a/grad/joyghosh/Source-Recommendation-System/spark-2.4.4-bin-hadoop2.7/conf/:/s/chopin/a/grad/joyghosh/Source-Recommendation-System/spark-2.4.4-bin-hadoop2.7/jars/*:/s/chopin/a/grad/joyghosh/Source-Recommendation-System/hadoop-conf/ -Xmx1g org.apache.spark.deploy.worker.Worker --webui-port 8081 spark://santa-fe.cs.colostate.edu:47002
========================================
2019-11-21 19:01:25,723 INFO worker.Worker: Started daemon with process name: 3725@phoenix
2019-11-21 19:01:25,731 INFO util.SignalUtils: Registered signal handler for TERM
2019-11-21 19:01:25,731 INFO util.SignalUtils: Registered signal handler for HUP
2019-11-21 19:01:25,731 INFO util.SignalUtils: Registered signal handler for INT
2019-11-21 19:01:26,250 WARN util.NativeCodeLoader: Unable to load native-hadoop library for your platform... using builtin-java classes where applicable
2019-11-21 19:01:26,374 INFO spark.SecurityManager: Changing view acls to: joyghosh
2019-11-21 19:01:26,374 INFO spark.SecurityManager: Changing modify acls to: joyghosh
2019-11-21 19:01:26,375 INFO spark.SecurityManager: Changing view acls groups to: 
2019-11-21 19:01:26,375 INFO spark.SecurityManager: Changing modify acls groups to: 
2019-11-21 19:01:26,376 INFO spark.SecurityManager: SecurityManager: authentication disabled; ui acls disabled; users  with view permissions: Set(joyghosh); groups with view permissions: Set(); users  with modify permissions: Set(joyghosh); groups with modify permissions: Set()
2019-11-21 19:01:26,800 INFO util.Utils: Successfully started service 'sparkWorker' on port 45485.
2019-11-21 19:01:27,058 INFO worker.Worker: Starting Spark worker 129.82.44.162:45485 with 1 cores, 2.0 GB RAM
2019-11-21 19:01:27,062 INFO worker.Worker: Running Spark version 2.4.4
2019-11-21 19:01:27,062 INFO worker.Worker: Spark home: /s/chopin/a/grad/joyghosh/Source-Recommendation-System/spark-2.4.4-bin-hadoop2.7
2019-11-21 19:01:27,115 INFO util.log: Logging initialized @3037ms
2019-11-21 19:01:27,171 INFO server.Server: jetty-9.3.z-SNAPSHOT, build timestamp: unknown, git hash: unknown
2019-11-21 19:01:27,188 INFO server.Server: Started @3111ms
2019-11-21 19:01:27,208 INFO server.AbstractConnector: Started ServerConnector@15d2260{HTTP/1.1,[http/1.1]}{0.0.0.0:8081}
2019-11-21 19:01:27,208 INFO util.Utils: Successfully started service 'WorkerUI' on port 8081.
2019-11-21 19:01:27,233 INFO handler.ContextHandler: Started o.s.j.s.ServletContextHandler@122eaa4{/logPage,null,AVAILABLE,@Spark}
2019-11-21 19:01:27,234 INFO handler.ContextHandler: Started o.s.j.s.ServletContextHandler@60a4e9{/logPage/json,null,AVAILABLE,@Spark}
2019-11-21 19:01:27,234 INFO handler.ContextHandler: Started o.s.j.s.ServletContextHandler@1442e02{/,null,AVAILABLE,@Spark}
2019-11-21 19:01:27,235 INFO handler.ContextHandler: Started o.s.j.s.ServletContextHandler@1c871ce{/json,null,AVAILABLE,@Spark}
2019-11-21 19:01:27,251 INFO handler.ContextHandler: Started o.s.j.s.ServletContextHandler@92df72{/static,null,AVAILABLE,@Spark}
2019-11-21 19:01:27,252 INFO handler.ContextHandler: Started o.s.j.s.ServletContextHandler@16f1ca1{/log,null,AVAILABLE,@Spark}
2019-11-21 19:01:27,255 INFO ui.WorkerWebUI: Bound WorkerWebUI to 0.0.0.0, and started at http://phoenix.cs.colostate.edu:8081
2019-11-21 19:01:27,258 INFO worker.Worker: Connecting to master santa-fe.cs.colostate.edu:47002...
2019-11-21 19:01:27,288 INFO handler.ContextHandler: Started o.s.j.s.ServletContextHandler@1012411{/metrics/json,null,AVAILABLE,@Spark}
2019-11-21 19:01:27,357 INFO client.TransportClientFactory: Successfully created connection to santa-fe.cs.colostate.edu/129.82.44.171:47002 after 68 ms (0 ms spent in bootstraps)
2019-11-21 19:01:27,427 INFO worker.Worker: Successfully registered with master spark://santa-fe.cs.colostate.edu:47002
2019-11-21 19:05:29,980 INFO worker.Worker: Asked to launch executor app-20191121190529-0000/15 for PySparkShell
2019-11-21 19:05:30,003 INFO spark.SecurityManager: Changing view acls to: joyghosh
2019-11-21 19:05:30,003 INFO spark.SecurityManager: Changing modify acls to: joyghosh
2019-11-21 19:05:30,003 INFO spark.SecurityManager: Changing view acls groups to: 
2019-11-21 19:05:30,015 INFO spark.SecurityManager: Changing modify acls groups to: 
2019-11-21 19:05:30,015 INFO spark.SecurityManager: SecurityManager: authentication disabled; ui acls disabled; users  with view permissions: Set(joyghosh); groups with view permissions: Set(); users  with modify permissions: Set(joyghosh); groups with modify permissions: Set()
2019-11-21 19:05:30,083 INFO worker.ExecutorRunner: Launch command: "/usr/local/jdk1.8.0_51/bin/java" "-cp" "/s/chopin/a/grad/joyghosh/Source-Recommendation-System/spark-2.4.4-bin-hadoop2.7/conf/:/s/chopin/a/grad/joyghosh/Source-Recommendation-System/spark-2.4.4-bin-hadoop2.7/jars/*:/s/chopin/a/grad/joyghosh/Source-Recommendation-System/hadoop-conf/" "-Xmx1024M" "-Dspark.driver.port=38011" "org.apache.spark.executor.CoarseGrainedExecutorBackend" "--driver-url" "spark://CoarseGrainedScheduler@santa-fe.cs.colostate.edu:38011" "--executor-id" "15" "--hostname" "129.82.44.162" "--cores" "1" "--app-id" "app-20191121190529-0000" "--worker-url" "spark://Worker@129.82.44.162:45485"
2019-11-21 19:31:36,242 INFO worker.Worker: Asked to kill executor app-20191121190529-0000/15
2019-11-21 19:31:36,251 INFO worker.ExecutorRunner: Runner thread for executor app-20191121190529-0000/15 interrupted
2019-11-21 19:31:36,252 INFO worker.ExecutorRunner: Killing process!
2019-11-21 19:31:36,374 INFO worker.Worker: Executor app-20191121190529-0000/15 finished with state KILLED exitStatus 143
2019-11-21 19:31:36,375 INFO shuffle.ExternalShuffleBlockResolver: Clean up non-shuffle files associated with the finished executor 15
2019-11-21 19:31:36,375 INFO shuffle.ExternalShuffleBlockResolver: Executor is not registered (appId=app-20191121190529-0000, execId=15)
2019-11-21 19:31:36,377 INFO shuffle.ExternalShuffleBlockResolver: Application app-20191121190529-0000 removed, cleanupLocalDirs = true
2019-11-21 19:31:36,378 INFO worker.Worker: Cleaning up local directories for application app-20191121190529-0000
