Spark Command: /usr/local/jdk1.8.0_51/bin/java -cp /s/chopin/a/grad/joyghosh/Source-Recommendation-System/spark-2.4.4-bin-hadoop2.7/conf/:/s/chopin/a/grad/joyghosh/Source-Recommendation-System/spark-2.4.4-bin-hadoop2.7/jars/*:/s/chopin/a/grad/joyghosh/Source-Recommendation-System/hadoop-conf/ -Xmx1g org.apache.spark.deploy.worker.Worker --webui-port 8082 spark://santa-fe.cs.colostate.edu:47002
========================================
2019-11-21 19:01:25,723 INFO worker.Worker: Started daemon with process name: 14228@pierre
2019-11-21 19:01:25,735 INFO util.SignalUtils: Registered signal handler for TERM
2019-11-21 19:01:25,736 INFO util.SignalUtils: Registered signal handler for HUP
2019-11-21 19:01:25,736 INFO util.SignalUtils: Registered signal handler for INT
2019-11-21 19:01:26,333 WARN util.NativeCodeLoader: Unable to load native-hadoop library for your platform... using builtin-java classes where applicable
2019-11-21 19:01:26,485 INFO spark.SecurityManager: Changing view acls to: joyghosh
2019-11-21 19:01:26,485 INFO spark.SecurityManager: Changing modify acls to: joyghosh
2019-11-21 19:01:26,486 INFO spark.SecurityManager: Changing view acls groups to: 
2019-11-21 19:01:26,486 INFO spark.SecurityManager: Changing modify acls groups to: 
2019-11-21 19:01:26,487 INFO spark.SecurityManager: SecurityManager: authentication disabled; ui acls disabled; users  with view permissions: Set(joyghosh); groups with view permissions: Set(); users  with modify permissions: Set(joyghosh); groups with modify permissions: Set()
2019-11-21 19:01:26,887 INFO util.Utils: Successfully started service 'sparkWorker' on port 34555.
2019-11-21 19:01:27,136 INFO worker.Worker: Starting Spark worker 129.82.44.163:34555 with 1 cores, 2.0 GB RAM
2019-11-21 19:01:27,141 INFO worker.Worker: Running Spark version 2.4.4
2019-11-21 19:01:27,142 INFO worker.Worker: Spark home: /s/chopin/a/grad/joyghosh/Source-Recommendation-System/spark-2.4.4-bin-hadoop2.7
2019-11-21 19:01:27,201 INFO util.log: Logging initialized @3324ms
2019-11-21 19:01:27,251 INFO server.Server: jetty-9.3.z-SNAPSHOT, build timestamp: unknown, git hash: unknown
2019-11-21 19:01:27,266 INFO server.Server: Started @3390ms
2019-11-21 19:01:27,280 WARN util.Utils: Service 'WorkerUI' could not bind on port 8082. Attempting port 8083.
2019-11-21 19:01:27,285 INFO server.AbstractConnector: Started ServerConnector@637929{HTTP/1.1,[http/1.1]}{0.0.0.0:8083}
2019-11-21 19:01:27,286 INFO util.Utils: Successfully started service 'WorkerUI' on port 8083.
2019-11-21 19:01:27,319 INFO handler.ContextHandler: Started o.s.j.s.ServletContextHandler@fa9fdb{/logPage,null,AVAILABLE,@Spark}
2019-11-21 19:01:27,319 INFO handler.ContextHandler: Started o.s.j.s.ServletContextHandler@b489ce{/logPage/json,null,AVAILABLE,@Spark}
2019-11-21 19:01:27,320 INFO handler.ContextHandler: Started o.s.j.s.ServletContextHandler@814ff0{/,null,AVAILABLE,@Spark}
2019-11-21 19:01:27,321 INFO handler.ContextHandler: Started o.s.j.s.ServletContextHandler@d20140{/json,null,AVAILABLE,@Spark}
2019-11-21 19:01:27,330 INFO handler.ContextHandler: Started o.s.j.s.ServletContextHandler@f4056d{/static,null,AVAILABLE,@Spark}
2019-11-21 19:01:27,331 INFO handler.ContextHandler: Started o.s.j.s.ServletContextHandler@5d3257{/log,null,AVAILABLE,@Spark}
2019-11-21 19:01:27,334 INFO ui.WorkerWebUI: Bound WorkerWebUI to 0.0.0.0, and started at http://pierre.cs.colostate.edu:8083
2019-11-21 19:01:27,341 INFO worker.Worker: Connecting to master santa-fe.cs.colostate.edu:47002...
2019-11-21 19:01:27,379 INFO handler.ContextHandler: Started o.s.j.s.ServletContextHandler@961366{/metrics/json,null,AVAILABLE,@Spark}
2019-11-21 19:01:27,450 INFO client.TransportClientFactory: Successfully created connection to santa-fe.cs.colostate.edu/129.82.44.171:47002 after 80 ms (0 ms spent in bootstraps)
2019-11-21 19:01:27,519 INFO worker.Worker: Successfully registered with master spark://santa-fe.cs.colostate.edu:47002
2019-11-21 19:05:29,976 INFO worker.Worker: Asked to launch executor app-20191121190529-0000/17 for PySparkShell
2019-11-21 19:05:29,993 INFO spark.SecurityManager: Changing view acls to: joyghosh
2019-11-21 19:05:29,993 INFO spark.SecurityManager: Changing modify acls to: joyghosh
2019-11-21 19:05:30,003 INFO spark.SecurityManager: Changing view acls groups to: 
2019-11-21 19:05:30,003 INFO spark.SecurityManager: Changing modify acls groups to: 
2019-11-21 19:05:30,004 INFO spark.SecurityManager: SecurityManager: authentication disabled; ui acls disabled; users  with view permissions: Set(joyghosh); groups with view permissions: Set(); users  with modify permissions: Set(joyghosh); groups with modify permissions: Set()
2019-11-21 19:05:30,079 INFO worker.ExecutorRunner: Launch command: "/usr/local/jdk1.8.0_51/bin/java" "-cp" "/s/chopin/a/grad/joyghosh/Source-Recommendation-System/spark-2.4.4-bin-hadoop2.7/conf/:/s/chopin/a/grad/joyghosh/Source-Recommendation-System/spark-2.4.4-bin-hadoop2.7/jars/*:/s/chopin/a/grad/joyghosh/Source-Recommendation-System/hadoop-conf/" "-Xmx1024M" "-Dspark.driver.port=38011" "org.apache.spark.executor.CoarseGrainedExecutorBackend" "--driver-url" "spark://CoarseGrainedScheduler@santa-fe.cs.colostate.edu:38011" "--executor-id" "17" "--hostname" "129.82.44.163" "--cores" "1" "--app-id" "app-20191121190529-0000" "--worker-url" "spark://Worker@129.82.44.163:34555"
2019-11-21 19:31:36,237 INFO worker.Worker: Asked to kill executor app-20191121190529-0000/17
2019-11-21 19:31:36,239 INFO worker.ExecutorRunner: Runner thread for executor app-20191121190529-0000/17 interrupted
2019-11-21 19:31:36,239 INFO worker.ExecutorRunner: Killing process!
2019-11-21 19:31:36,257 INFO worker.Worker: Executor app-20191121190529-0000/17 finished with state KILLED exitStatus 0
2019-11-21 19:31:36,257 INFO shuffle.ExternalShuffleBlockResolver: Clean up non-shuffle files associated with the finished executor 17
2019-11-21 19:31:36,259 INFO shuffle.ExternalShuffleBlockResolver: Executor is not registered (appId=app-20191121190529-0000, execId=17)
2019-11-21 19:31:36,261 INFO shuffle.ExternalShuffleBlockResolver: Application app-20191121190529-0000 removed, cleanupLocalDirs = true
2019-11-21 19:31:36,261 INFO worker.Worker: Cleaning up local directories for application app-20191121190529-0000
