Spark Command: /usr/local/jdk1.8.0_51/bin/java -cp /s/chopin/a/grad/joyghosh/Source-Recommendation-System/spark-2.4.4-bin-hadoop2.7/conf/:/s/chopin/a/grad/joyghosh/Source-Recommendation-System/spark-2.4.4-bin-hadoop2.7/jars/*:/s/chopin/a/grad/joyghosh/Source-Recommendation-System/hadoop-conf/ -Xmx1g org.apache.spark.deploy.worker.Worker --webui-port 8082 spark://santa-fe.cs.colostate.edu:47002
========================================
2019-11-21 19:01:25,714 INFO worker.Worker: Started daemon with process name: 26075@richmond
2019-11-21 19:01:25,722 INFO util.SignalUtils: Registered signal handler for TERM
2019-11-21 19:01:25,723 INFO util.SignalUtils: Registered signal handler for HUP
2019-11-21 19:01:25,723 INFO util.SignalUtils: Registered signal handler for INT
2019-11-21 19:01:26,332 WARN util.NativeCodeLoader: Unable to load native-hadoop library for your platform... using builtin-java classes where applicable
2019-11-21 19:01:26,468 INFO spark.SecurityManager: Changing view acls to: joyghosh
2019-11-21 19:01:26,468 INFO spark.SecurityManager: Changing modify acls to: joyghosh
2019-11-21 19:01:26,469 INFO spark.SecurityManager: Changing view acls groups to: 
2019-11-21 19:01:26,469 INFO spark.SecurityManager: Changing modify acls groups to: 
2019-11-21 19:01:26,470 INFO spark.SecurityManager: SecurityManager: authentication disabled; ui acls disabled; users  with view permissions: Set(joyghosh); groups with view permissions: Set(); users  with modify permissions: Set(joyghosh); groups with modify permissions: Set()
2019-11-21 19:01:26,865 INFO util.Utils: Successfully started service 'sparkWorker' on port 45703.
2019-11-21 19:01:27,096 INFO worker.Worker: Starting Spark worker 129.82.44.166:45703 with 1 cores, 2.0 GB RAM
2019-11-21 19:01:27,099 INFO worker.Worker: Running Spark version 2.4.4
2019-11-21 19:01:27,100 INFO worker.Worker: Spark home: /s/chopin/a/grad/joyghosh/Source-Recommendation-System/spark-2.4.4-bin-hadoop2.7
2019-11-21 19:01:27,161 INFO util.log: Logging initialized @3158ms
2019-11-21 19:01:27,220 INFO server.Server: jetty-9.3.z-SNAPSHOT, build timestamp: unknown, git hash: unknown
2019-11-21 19:01:27,244 INFO server.Server: Started @3242ms
2019-11-21 19:01:27,261 WARN util.Utils: Service 'WorkerUI' could not bind on port 8082. Attempting port 8083.
2019-11-21 19:01:27,262 WARN util.Utils: Service 'WorkerUI' could not bind on port 8083. Attempting port 8084.
2019-11-21 19:01:27,262 WARN util.Utils: Service 'WorkerUI' could not bind on port 8084. Attempting port 8085.
2019-11-21 19:01:27,263 WARN util.Utils: Service 'WorkerUI' could not bind on port 8085. Attempting port 8086.
2019-11-21 19:01:27,263 WARN util.Utils: Service 'WorkerUI' could not bind on port 8086. Attempting port 8087.
2019-11-21 19:01:27,263 WARN util.Utils: Service 'WorkerUI' could not bind on port 8087. Attempting port 8088.
2019-11-21 19:01:27,263 WARN util.Utils: Service 'WorkerUI' could not bind on port 8088. Attempting port 8089.
2019-11-21 19:01:27,264 WARN util.Utils: Service 'WorkerUI' could not bind on port 8089. Attempting port 8090.
2019-11-21 19:01:27,264 WARN util.Utils: Service 'WorkerUI' could not bind on port 8090. Attempting port 8091.
2019-11-21 19:01:27,265 WARN util.Utils: Service 'WorkerUI' could not bind on port 8091. Attempting port 8092.
2019-11-21 19:01:27,272 INFO server.AbstractConnector: Started ServerConnector@1e59409{HTTP/1.1,[http/1.1]}{0.0.0.0:8092}
2019-11-21 19:01:27,273 INFO util.Utils: Successfully started service 'WorkerUI' on port 8092.
2019-11-21 19:01:27,324 INFO handler.ContextHandler: Started o.s.j.s.ServletContextHandler@1139b68{/logPage,null,AVAILABLE,@Spark}
2019-11-21 19:01:27,325 INFO handler.ContextHandler: Started o.s.j.s.ServletContextHandler@1ae800a{/logPage/json,null,AVAILABLE,@Spark}
2019-11-21 19:01:27,325 INFO handler.ContextHandler: Started o.s.j.s.ServletContextHandler@b49250{/,null,AVAILABLE,@Spark}
2019-11-21 19:01:27,326 INFO handler.ContextHandler: Started o.s.j.s.ServletContextHandler@31b586{/json,null,AVAILABLE,@Spark}
2019-11-21 19:01:27,333 INFO handler.ContextHandler: Started o.s.j.s.ServletContextHandler@1fed09a{/static,null,AVAILABLE,@Spark}
2019-11-21 19:01:27,333 INFO handler.ContextHandler: Started o.s.j.s.ServletContextHandler@287bc3{/log,null,AVAILABLE,@Spark}
2019-11-21 19:01:27,335 INFO ui.WorkerWebUI: Bound WorkerWebUI to 0.0.0.0, and started at http://richmond.cs.colostate.edu:8092
2019-11-21 19:01:27,343 INFO worker.Worker: Connecting to master santa-fe.cs.colostate.edu:47002...
2019-11-21 19:01:27,367 INFO handler.ContextHandler: Started o.s.j.s.ServletContextHandler@cae2a9{/metrics/json,null,AVAILABLE,@Spark}
2019-11-21 19:01:27,436 INFO client.TransportClientFactory: Successfully created connection to santa-fe.cs.colostate.edu/129.82.44.171:47002 after 59 ms (0 ms spent in bootstraps)
2019-11-21 19:01:27,505 INFO worker.Worker: Successfully registered with master spark://santa-fe.cs.colostate.edu:47002
2019-11-21 19:05:29,968 INFO worker.Worker: Asked to launch executor app-20191121190529-0000/4 for PySparkShell
2019-11-21 19:05:29,992 INFO spark.SecurityManager: Changing view acls to: joyghosh
2019-11-21 19:05:29,992 INFO spark.SecurityManager: Changing modify acls to: joyghosh
2019-11-21 19:05:29,992 INFO spark.SecurityManager: Changing view acls groups to: 
2019-11-21 19:05:29,992 INFO spark.SecurityManager: Changing modify acls groups to: 
2019-11-21 19:05:29,992 INFO spark.SecurityManager: SecurityManager: authentication disabled; ui acls disabled; users  with view permissions: Set(joyghosh); groups with view permissions: Set(); users  with modify permissions: Set(joyghosh); groups with modify permissions: Set()
2019-11-21 19:05:30,060 INFO worker.ExecutorRunner: Launch command: "/usr/local/jdk1.8.0_51/bin/java" "-cp" "/s/chopin/a/grad/joyghosh/Source-Recommendation-System/spark-2.4.4-bin-hadoop2.7/conf/:/s/chopin/a/grad/joyghosh/Source-Recommendation-System/spark-2.4.4-bin-hadoop2.7/jars/*:/s/chopin/a/grad/joyghosh/Source-Recommendation-System/hadoop-conf/" "-Xmx1024M" "-Dspark.driver.port=38011" "org.apache.spark.executor.CoarseGrainedExecutorBackend" "--driver-url" "spark://CoarseGrainedScheduler@santa-fe.cs.colostate.edu:38011" "--executor-id" "4" "--hostname" "129.82.44.166" "--cores" "1" "--app-id" "app-20191121190529-0000" "--worker-url" "spark://Worker@129.82.44.166:45703"
2019-11-21 19:31:36,237 INFO worker.Worker: Asked to kill executor app-20191121190529-0000/4
2019-11-21 19:31:36,239 INFO worker.ExecutorRunner: Runner thread for executor app-20191121190529-0000/4 interrupted
2019-11-21 19:31:36,240 INFO worker.ExecutorRunner: Killing process!
2019-11-21 19:31:36,287 INFO worker.Worker: Executor app-20191121190529-0000/4 finished with state KILLED exitStatus 0
2019-11-21 19:31:36,287 INFO shuffle.ExternalShuffleBlockResolver: Clean up non-shuffle files associated with the finished executor 4
2019-11-21 19:31:36,288 INFO shuffle.ExternalShuffleBlockResolver: Executor is not registered (appId=app-20191121190529-0000, execId=4)
2019-11-21 19:31:36,294 INFO shuffle.ExternalShuffleBlockResolver: Application app-20191121190529-0000 removed, cleanupLocalDirs = true
2019-11-21 19:31:36,295 INFO worker.Worker: Cleaning up local directories for application app-20191121190529-0000
