Spark Command: /usr/local/jdk1.8.0_51/bin/java -cp /s/chopin/a/grad/joyghosh/Source-Recommendation-System/spark-2.4.4-bin-hadoop2.7/conf/:/s/chopin/a/grad/joyghosh/Source-Recommendation-System/spark-2.4.4-bin-hadoop2.7/jars/*:/s/chopin/a/grad/joyghosh/Source-Recommendation-System/hadoop-conf/ -Xmx1g org.apache.spark.deploy.worker.Worker --webui-port 8082 spark://santa-fe.cs.colostate.edu:47002
========================================
2019-11-21 19:01:22,401 INFO worker.Worker: Started daemon with process name: 4329@salem
2019-11-21 19:01:22,412 INFO util.SignalUtils: Registered signal handler for TERM
2019-11-21 19:01:22,413 INFO util.SignalUtils: Registered signal handler for HUP
2019-11-21 19:01:22,413 INFO util.SignalUtils: Registered signal handler for INT
2019-11-21 19:01:22,976 WARN util.NativeCodeLoader: Unable to load native-hadoop library for your platform... using builtin-java classes where applicable
2019-11-21 19:01:23,104 INFO spark.SecurityManager: Changing view acls to: joyghosh
2019-11-21 19:01:23,105 INFO spark.SecurityManager: Changing modify acls to: joyghosh
2019-11-21 19:01:23,105 INFO spark.SecurityManager: Changing view acls groups to: 
2019-11-21 19:01:23,105 INFO spark.SecurityManager: Changing modify acls groups to: 
2019-11-21 19:01:23,106 INFO spark.SecurityManager: SecurityManager: authentication disabled; ui acls disabled; users  with view permissions: Set(joyghosh); groups with view permissions: Set(); users  with modify permissions: Set(joyghosh); groups with modify permissions: Set()
2019-11-21 19:01:23,555 INFO util.Utils: Successfully started service 'sparkWorker' on port 34963.
2019-11-21 19:01:23,776 INFO worker.Worker: Starting Spark worker 129.82.44.169:34963 with 1 cores, 2.0 GB RAM
2019-11-21 19:01:23,779 INFO worker.Worker: Running Spark version 2.4.4
2019-11-21 19:01:23,779 INFO worker.Worker: Spark home: /s/chopin/a/grad/joyghosh/Source-Recommendation-System/spark-2.4.4-bin-hadoop2.7
2019-11-21 19:01:23,824 INFO util.log: Logging initialized @3343ms
2019-11-21 19:01:23,868 INFO server.Server: jetty-9.3.z-SNAPSHOT, build timestamp: unknown, git hash: unknown
2019-11-21 19:01:23,884 INFO server.Server: Started @3405ms
2019-11-21 19:01:23,898 WARN util.Utils: Service 'WorkerUI' could not bind on port 8082. Attempting port 8083.
2019-11-21 19:01:23,898 WARN util.Utils: Service 'WorkerUI' could not bind on port 8083. Attempting port 8084.
2019-11-21 19:01:23,899 WARN util.Utils: Service 'WorkerUI' could not bind on port 8084. Attempting port 8085.
2019-11-21 19:01:23,899 WARN util.Utils: Service 'WorkerUI' could not bind on port 8085. Attempting port 8086.
2019-11-21 19:01:23,899 WARN util.Utils: Service 'WorkerUI' could not bind on port 8086. Attempting port 8087.
2019-11-21 19:01:23,899 WARN util.Utils: Service 'WorkerUI' could not bind on port 8087. Attempting port 8088.
2019-11-21 19:01:23,900 WARN util.Utils: Service 'WorkerUI' could not bind on port 8088. Attempting port 8089.
2019-11-21 19:01:23,900 WARN util.Utils: Service 'WorkerUI' could not bind on port 8089. Attempting port 8090.
2019-11-21 19:01:23,900 WARN util.Utils: Service 'WorkerUI' could not bind on port 8090. Attempting port 8091.
2019-11-21 19:01:23,901 WARN util.Utils: Service 'WorkerUI' could not bind on port 8091. Attempting port 8092.
2019-11-21 19:01:23,901 WARN util.Utils: Service 'WorkerUI' could not bind on port 8092. Attempting port 8093.
2019-11-21 19:01:23,906 INFO server.AbstractConnector: Started ServerConnector@107fa2c{HTTP/1.1,[http/1.1]}{0.0.0.0:8093}
2019-11-21 19:01:23,906 INFO util.Utils: Successfully started service 'WorkerUI' on port 8093.
2019-11-21 19:01:23,942 INFO handler.ContextHandler: Started o.s.j.s.ServletContextHandler@1e231bf{/logPage,null,AVAILABLE,@Spark}
2019-11-21 19:01:23,943 INFO handler.ContextHandler: Started o.s.j.s.ServletContextHandler@1c2f94{/logPage/json,null,AVAILABLE,@Spark}
2019-11-21 19:01:23,944 INFO handler.ContextHandler: Started o.s.j.s.ServletContextHandler@797855{/,null,AVAILABLE,@Spark}
2019-11-21 19:01:23,945 INFO handler.ContextHandler: Started o.s.j.s.ServletContextHandler@1af552a{/json,null,AVAILABLE,@Spark}
2019-11-21 19:01:23,951 INFO handler.ContextHandler: Started o.s.j.s.ServletContextHandler@b2a484{/static,null,AVAILABLE,@Spark}
2019-11-21 19:01:23,952 INFO handler.ContextHandler: Started o.s.j.s.ServletContextHandler@1d0901f{/log,null,AVAILABLE,@Spark}
2019-11-21 19:01:23,953 INFO ui.WorkerWebUI: Bound WorkerWebUI to 0.0.0.0, and started at http://salem.cs.colostate.edu:8093
2019-11-21 19:01:23,955 INFO worker.Worker: Connecting to master santa-fe.cs.colostate.edu:47002...
2019-11-21 19:01:23,978 INFO handler.ContextHandler: Started o.s.j.s.ServletContextHandler@111ea1a{/metrics/json,null,AVAILABLE,@Spark}
2019-11-21 19:01:24,081 INFO client.TransportClientFactory: Successfully created connection to santa-fe.cs.colostate.edu/129.82.44.171:47002 after 79 ms (0 ms spent in bootstraps)
2019-11-21 19:01:24,148 INFO worker.Worker: Successfully registered with master spark://santa-fe.cs.colostate.edu:47002
2019-11-21 19:05:29,978 INFO worker.Worker: Asked to launch executor app-20191121190529-0000/11 for PySparkShell
2019-11-21 19:05:29,998 INFO spark.SecurityManager: Changing view acls to: joyghosh
2019-11-21 19:05:29,998 INFO spark.SecurityManager: Changing modify acls to: joyghosh
2019-11-21 19:05:29,998 INFO spark.SecurityManager: Changing view acls groups to: 
2019-11-21 19:05:29,998 INFO spark.SecurityManager: Changing modify acls groups to: 
2019-11-21 19:05:29,998 INFO spark.SecurityManager: SecurityManager: authentication disabled; ui acls disabled; users  with view permissions: Set(joyghosh); groups with view permissions: Set(); users  with modify permissions: Set(joyghosh); groups with modify permissions: Set()
2019-11-21 19:05:30,079 INFO worker.ExecutorRunner: Launch command: "/usr/local/jdk1.8.0_51/bin/java" "-cp" "/s/chopin/a/grad/joyghosh/Source-Recommendation-System/spark-2.4.4-bin-hadoop2.7/conf/:/s/chopin/a/grad/joyghosh/Source-Recommendation-System/spark-2.4.4-bin-hadoop2.7/jars/*:/s/chopin/a/grad/joyghosh/Source-Recommendation-System/hadoop-conf/" "-Xmx1024M" "-Dspark.driver.port=38011" "org.apache.spark.executor.CoarseGrainedExecutorBackend" "--driver-url" "spark://CoarseGrainedScheduler@santa-fe.cs.colostate.edu:38011" "--executor-id" "11" "--hostname" "129.82.44.169" "--cores" "1" "--app-id" "app-20191121190529-0000" "--worker-url" "spark://Worker@129.82.44.169:34963"
2019-11-21 19:31:36,238 INFO worker.Worker: Asked to kill executor app-20191121190529-0000/11
2019-11-21 19:31:36,240 INFO worker.ExecutorRunner: Runner thread for executor app-20191121190529-0000/11 interrupted
2019-11-21 19:31:36,240 INFO worker.ExecutorRunner: Killing process!
2019-11-21 19:31:36,268 INFO worker.Worker: Executor app-20191121190529-0000/11 finished with state KILLED exitStatus 0
2019-11-21 19:31:36,268 INFO shuffle.ExternalShuffleBlockResolver: Clean up non-shuffle files associated with the finished executor 11
2019-11-21 19:31:36,269 INFO shuffle.ExternalShuffleBlockResolver: Executor is not registered (appId=app-20191121190529-0000, execId=11)
2019-11-21 19:31:36,271 INFO shuffle.ExternalShuffleBlockResolver: Application app-20191121190529-0000 removed, cleanupLocalDirs = true
2019-11-21 19:31:36,271 INFO worker.Worker: Cleaning up local directories for application app-20191121190529-0000
