Spark Command: /usr/local/jdk1.8.0_51/bin/java -cp /s/chopin/a/grad/joyghosh/Source-Recommendation-System/spark-2.4.4-bin-hadoop2.7/conf/:/s/chopin/a/grad/joyghosh/Source-Recommendation-System/spark-2.4.4-bin-hadoop2.7/jars/*:/s/chopin/a/grad/joyghosh/Source-Recommendation-System/hadoop-conf/ -Xmx1g org.apache.spark.deploy.worker.Worker --webui-port 8082 spark://santa-fe.cs.colostate.edu:47002
========================================
2019-11-21 19:01:25,714 INFO worker.Worker: Started daemon with process name: 18226@providence
2019-11-21 19:01:25,725 INFO util.SignalUtils: Registered signal handler for TERM
2019-11-21 19:01:25,726 INFO util.SignalUtils: Registered signal handler for HUP
2019-11-21 19:01:25,726 INFO util.SignalUtils: Registered signal handler for INT
2019-11-21 19:01:26,265 WARN util.NativeCodeLoader: Unable to load native-hadoop library for your platform... using builtin-java classes where applicable
2019-11-21 19:01:26,400 INFO spark.SecurityManager: Changing view acls to: joyghosh
2019-11-21 19:01:26,401 INFO spark.SecurityManager: Changing modify acls to: joyghosh
2019-11-21 19:01:26,401 INFO spark.SecurityManager: Changing view acls groups to: 
2019-11-21 19:01:26,402 INFO spark.SecurityManager: Changing modify acls groups to: 
2019-11-21 19:01:26,402 INFO spark.SecurityManager: SecurityManager: authentication disabled; ui acls disabled; users  with view permissions: Set(joyghosh); groups with view permissions: Set(); users  with modify permissions: Set(joyghosh); groups with modify permissions: Set()
2019-11-21 19:01:26,852 INFO util.Utils: Successfully started service 'sparkWorker' on port 42365.
2019-11-21 19:01:27,100 INFO worker.Worker: Starting Spark worker 129.82.44.164:42365 with 1 cores, 2.0 GB RAM
2019-11-21 19:01:27,104 INFO worker.Worker: Running Spark version 2.4.4
2019-11-21 19:01:27,104 INFO worker.Worker: Spark home: /s/chopin/a/grad/joyghosh/Source-Recommendation-System/spark-2.4.4-bin-hadoop2.7
2019-11-21 19:01:27,177 INFO util.log: Logging initialized @3176ms
2019-11-21 19:01:27,247 INFO server.Server: jetty-9.3.z-SNAPSHOT, build timestamp: unknown, git hash: unknown
2019-11-21 19:01:27,270 INFO server.Server: Started @3271ms
2019-11-21 19:01:27,291 WARN util.Utils: Service 'WorkerUI' could not bind on port 8082. Attempting port 8083.
2019-11-21 19:01:27,298 INFO server.AbstractConnector: Started ServerConnector@b8aa3f{HTTP/1.1,[http/1.1]}{0.0.0.0:8083}
2019-11-21 19:01:27,299 INFO util.Utils: Successfully started service 'WorkerUI' on port 8083.
2019-11-21 19:01:27,332 INFO handler.ContextHandler: Started o.s.j.s.ServletContextHandler@6a5075{/logPage,null,AVAILABLE,@Spark}
2019-11-21 19:01:27,333 INFO handler.ContextHandler: Started o.s.j.s.ServletContextHandler@b51f85{/logPage/json,null,AVAILABLE,@Spark}
2019-11-21 19:01:27,333 INFO handler.ContextHandler: Started o.s.j.s.ServletContextHandler@1cf9ad3{/,null,AVAILABLE,@Spark}
2019-11-21 19:01:27,343 INFO handler.ContextHandler: Started o.s.j.s.ServletContextHandler@e6dca6{/json,null,AVAILABLE,@Spark}
2019-11-21 19:01:27,353 INFO handler.ContextHandler: Started o.s.j.s.ServletContextHandler@f7a4c8{/static,null,AVAILABLE,@Spark}
2019-11-21 19:01:27,353 INFO handler.ContextHandler: Started o.s.j.s.ServletContextHandler@1aa86f1{/log,null,AVAILABLE,@Spark}
2019-11-21 19:01:27,356 INFO ui.WorkerWebUI: Bound WorkerWebUI to 0.0.0.0, and started at http://providence.cs.colostate.edu:8083
2019-11-21 19:01:27,359 INFO worker.Worker: Connecting to master santa-fe.cs.colostate.edu:47002...
2019-11-21 19:01:27,390 INFO handler.ContextHandler: Started o.s.j.s.ServletContextHandler@d8e231{/metrics/json,null,AVAILABLE,@Spark}
2019-11-21 19:01:27,481 INFO client.TransportClientFactory: Successfully created connection to santa-fe.cs.colostate.edu/129.82.44.171:47002 after 84 ms (0 ms spent in bootstraps)
2019-11-21 19:01:27,561 INFO worker.Worker: Successfully registered with master spark://santa-fe.cs.colostate.edu:47002
2019-11-21 19:05:29,976 INFO worker.Worker: Asked to launch executor app-20191121190529-0000/8 for PySparkShell
2019-11-21 19:05:30,000 INFO spark.SecurityManager: Changing view acls to: joyghosh
2019-11-21 19:05:30,012 INFO spark.SecurityManager: Changing modify acls to: joyghosh
2019-11-21 19:05:30,013 INFO spark.SecurityManager: Changing view acls groups to: 
2019-11-21 19:05:30,013 INFO spark.SecurityManager: Changing modify acls groups to: 
2019-11-21 19:05:30,013 INFO spark.SecurityManager: SecurityManager: authentication disabled; ui acls disabled; users  with view permissions: Set(joyghosh); groups with view permissions: Set(); users  with modify permissions: Set(joyghosh); groups with modify permissions: Set()
2019-11-21 19:05:30,104 INFO worker.ExecutorRunner: Launch command: "/usr/local/jdk1.8.0_51/bin/java" "-cp" "/s/chopin/a/grad/joyghosh/Source-Recommendation-System/spark-2.4.4-bin-hadoop2.7/conf/:/s/chopin/a/grad/joyghosh/Source-Recommendation-System/spark-2.4.4-bin-hadoop2.7/jars/*:/s/chopin/a/grad/joyghosh/Source-Recommendation-System/hadoop-conf/" "-Xmx1024M" "-Dspark.driver.port=38011" "org.apache.spark.executor.CoarseGrainedExecutorBackend" "--driver-url" "spark://CoarseGrainedScheduler@santa-fe.cs.colostate.edu:38011" "--executor-id" "8" "--hostname" "129.82.44.164" "--cores" "1" "--app-id" "app-20191121190529-0000" "--worker-url" "spark://Worker@129.82.44.164:42365"
2019-11-21 19:31:36,237 INFO worker.Worker: Asked to kill executor app-20191121190529-0000/8
2019-11-21 19:31:36,239 INFO worker.ExecutorRunner: Runner thread for executor app-20191121190529-0000/8 interrupted
2019-11-21 19:31:36,239 INFO worker.ExecutorRunner: Killing process!
2019-11-21 19:31:36,276 INFO worker.Worker: Executor app-20191121190529-0000/8 finished with state KILLED exitStatus 0
2019-11-21 19:31:36,277 INFO shuffle.ExternalShuffleBlockResolver: Clean up non-shuffle files associated with the finished executor 8
2019-11-21 19:31:36,278 INFO shuffle.ExternalShuffleBlockResolver: Executor is not registered (appId=app-20191121190529-0000, execId=8)
2019-11-21 19:31:36,281 INFO shuffle.ExternalShuffleBlockResolver: Application app-20191121190529-0000 removed, cleanupLocalDirs = true
2019-11-21 19:31:36,281 INFO worker.Worker: Cleaning up local directories for application app-20191121190529-0000
