Spark Command: /usr/local/jdk1.8.0_51/bin/java -cp /s/chopin/a/grad/joyghosh/Source-Recommendation-System/spark-2.4.4-bin-hadoop2.7/conf/:/s/chopin/a/grad/joyghosh/Source-Recommendation-System/spark-2.4.4-bin-hadoop2.7/jars/*:/s/chopin/a/grad/joyghosh/Source-Recommendation-System/hadoop-conf/ -Xmx1g org.apache.spark.deploy.worker.Worker --webui-port 8081 spark://santa-fe.cs.colostate.edu:47002
========================================
2019-11-21 19:01:25,732 INFO worker.Worker: Started daemon with process name: 18143@providence
2019-11-21 19:01:25,743 INFO util.SignalUtils: Registered signal handler for TERM
2019-11-21 19:01:25,744 INFO util.SignalUtils: Registered signal handler for HUP
2019-11-21 19:01:25,744 INFO util.SignalUtils: Registered signal handler for INT
2019-11-21 19:01:26,293 WARN util.NativeCodeLoader: Unable to load native-hadoop library for your platform... using builtin-java classes where applicable
2019-11-21 19:01:26,437 INFO spark.SecurityManager: Changing view acls to: joyghosh
2019-11-21 19:01:26,438 INFO spark.SecurityManager: Changing modify acls to: joyghosh
2019-11-21 19:01:26,439 INFO spark.SecurityManager: Changing view acls groups to: 
2019-11-21 19:01:26,439 INFO spark.SecurityManager: Changing modify acls groups to: 
2019-11-21 19:01:26,440 INFO spark.SecurityManager: SecurityManager: authentication disabled; ui acls disabled; users  with view permissions: Set(joyghosh); groups with view permissions: Set(); users  with modify permissions: Set(joyghosh); groups with modify permissions: Set()
2019-11-21 19:01:26,924 INFO util.Utils: Successfully started service 'sparkWorker' on port 43197.
2019-11-21 19:01:27,177 INFO worker.Worker: Starting Spark worker 129.82.44.164:43197 with 1 cores, 2.0 GB RAM
2019-11-21 19:01:27,180 INFO worker.Worker: Running Spark version 2.4.4
2019-11-21 19:01:27,180 INFO worker.Worker: Spark home: /s/chopin/a/grad/joyghosh/Source-Recommendation-System/spark-2.4.4-bin-hadoop2.7
2019-11-21 19:01:27,224 INFO util.log: Logging initialized @3232ms
2019-11-21 19:01:27,269 INFO server.Server: jetty-9.3.z-SNAPSHOT, build timestamp: unknown, git hash: unknown
2019-11-21 19:01:27,286 INFO server.Server: Started @3296ms
2019-11-21 19:01:27,301 WARN util.Utils: Service 'WorkerUI' could not bind on port 8081. Attempting port 8082.
2019-11-21 19:01:27,301 WARN util.Utils: Service 'WorkerUI' could not bind on port 8082. Attempting port 8083.
2019-11-21 19:01:27,301 WARN util.Utils: Service 'WorkerUI' could not bind on port 8083. Attempting port 8084.
2019-11-21 19:01:27,306 INFO server.AbstractConnector: Started ServerConnector@885d07{HTTP/1.1,[http/1.1]}{0.0.0.0:8084}
2019-11-21 19:01:27,306 INFO util.Utils: Successfully started service 'WorkerUI' on port 8084.
2019-11-21 19:01:27,333 INFO handler.ContextHandler: Started o.s.j.s.ServletContextHandler@1c24b14{/logPage,null,AVAILABLE,@Spark}
2019-11-21 19:01:27,334 INFO handler.ContextHandler: Started o.s.j.s.ServletContextHandler@fa6704{/logPage/json,null,AVAILABLE,@Spark}
2019-11-21 19:01:27,341 INFO handler.ContextHandler: Started o.s.j.s.ServletContextHandler@e6dca6{/,null,AVAILABLE,@Spark}
2019-11-21 19:01:27,343 INFO handler.ContextHandler: Started o.s.j.s.ServletContextHandler@195b2c7{/json,null,AVAILABLE,@Spark}
2019-11-21 19:01:27,350 INFO handler.ContextHandler: Started o.s.j.s.ServletContextHandler@fa3536{/static,null,AVAILABLE,@Spark}
2019-11-21 19:01:27,351 INFO handler.ContextHandler: Started o.s.j.s.ServletContextHandler@825b31{/log,null,AVAILABLE,@Spark}
2019-11-21 19:01:27,353 INFO ui.WorkerWebUI: Bound WorkerWebUI to 0.0.0.0, and started at http://providence.cs.colostate.edu:8084
2019-11-21 19:01:27,355 INFO worker.Worker: Connecting to master santa-fe.cs.colostate.edu:47002...
2019-11-21 19:01:27,388 INFO handler.ContextHandler: Started o.s.j.s.ServletContextHandler@d76356{/metrics/json,null,AVAILABLE,@Spark}
2019-11-21 19:01:27,467 INFO client.TransportClientFactory: Successfully created connection to santa-fe.cs.colostate.edu/129.82.44.171:47002 after 72 ms (0 ms spent in bootstraps)
2019-11-21 19:01:27,539 INFO worker.Worker: Successfully registered with master spark://santa-fe.cs.colostate.edu:47002
2019-11-21 19:05:29,980 INFO worker.Worker: Asked to launch executor app-20191121190529-0000/16 for PySparkShell
2019-11-21 19:05:30,012 INFO spark.SecurityManager: Changing view acls to: joyghosh
2019-11-21 19:05:30,013 INFO spark.SecurityManager: Changing modify acls to: joyghosh
2019-11-21 19:05:30,013 INFO spark.SecurityManager: Changing view acls groups to: 
2019-11-21 19:05:30,013 INFO spark.SecurityManager: Changing modify acls groups to: 
2019-11-21 19:05:30,013 INFO spark.SecurityManager: SecurityManager: authentication disabled; ui acls disabled; users  with view permissions: Set(joyghosh); groups with view permissions: Set(); users  with modify permissions: Set(joyghosh); groups with modify permissions: Set()
2019-11-21 19:05:30,100 INFO worker.ExecutorRunner: Launch command: "/usr/local/jdk1.8.0_51/bin/java" "-cp" "/s/chopin/a/grad/joyghosh/Source-Recommendation-System/spark-2.4.4-bin-hadoop2.7/conf/:/s/chopin/a/grad/joyghosh/Source-Recommendation-System/spark-2.4.4-bin-hadoop2.7/jars/*:/s/chopin/a/grad/joyghosh/Source-Recommendation-System/hadoop-conf/" "-Xmx1024M" "-Dspark.driver.port=38011" "org.apache.spark.executor.CoarseGrainedExecutorBackend" "--driver-url" "spark://CoarseGrainedScheduler@santa-fe.cs.colostate.edu:38011" "--executor-id" "16" "--hostname" "129.82.44.164" "--cores" "1" "--app-id" "app-20191121190529-0000" "--worker-url" "spark://Worker@129.82.44.164:43197"
2019-11-21 19:31:36,237 INFO worker.Worker: Asked to kill executor app-20191121190529-0000/16
2019-11-21 19:31:36,239 INFO worker.ExecutorRunner: Runner thread for executor app-20191121190529-0000/16 interrupted
2019-11-21 19:31:36,241 INFO worker.ExecutorRunner: Killing process!
2019-11-21 19:31:36,272 INFO worker.Worker: Executor app-20191121190529-0000/16 finished with state KILLED exitStatus 0
2019-11-21 19:31:36,272 INFO shuffle.ExternalShuffleBlockResolver: Clean up non-shuffle files associated with the finished executor 16
2019-11-21 19:31:36,275 INFO shuffle.ExternalShuffleBlockResolver: Executor is not registered (appId=app-20191121190529-0000, execId=16)
2019-11-21 19:31:36,278 INFO worker.Worker: Cleaning up local directories for application app-20191121190529-0000
2019-11-21 19:31:36,278 INFO shuffle.ExternalShuffleBlockResolver: Application app-20191121190529-0000 removed, cleanupLocalDirs = true
