Spark Command: /usr/local/jdk1.8.0_51/bin/java -cp /s/chopin/a/grad/joyghosh/Source-Recommendation-System/spark-2.4.4-bin-hadoop2.7/conf/:/s/chopin/a/grad/joyghosh/Source-Recommendation-System/spark-2.4.4-bin-hadoop2.7/jars/*:/s/chopin/a/grad/joyghosh/Source-Recommendation-System/hadoop-conf/ -Xmx1g org.apache.spark.deploy.worker.Worker --webui-port 8081 spark://santa-fe.cs.colostate.edu:47002
========================================
2019-11-21 19:01:25,725 INFO worker.Worker: Started daemon with process name: 29495@tallahassee
2019-11-21 19:01:25,733 INFO util.SignalUtils: Registered signal handler for TERM
2019-11-21 19:01:25,733 INFO util.SignalUtils: Registered signal handler for HUP
2019-11-21 19:01:25,733 INFO util.SignalUtils: Registered signal handler for INT
2019-11-21 19:01:26,279 WARN util.NativeCodeLoader: Unable to load native-hadoop library for your platform... using builtin-java classes where applicable
2019-11-21 19:01:26,426 INFO spark.SecurityManager: Changing view acls to: joyghosh
2019-11-21 19:01:26,426 INFO spark.SecurityManager: Changing modify acls to: joyghosh
2019-11-21 19:01:26,427 INFO spark.SecurityManager: Changing view acls groups to: 
2019-11-21 19:01:26,427 INFO spark.SecurityManager: Changing modify acls groups to: 
2019-11-21 19:01:26,428 INFO spark.SecurityManager: SecurityManager: authentication disabled; ui acls disabled; users  with view permissions: Set(joyghosh); groups with view permissions: Set(); users  with modify permissions: Set(joyghosh); groups with modify permissions: Set()
2019-11-21 19:01:26,914 INFO util.Utils: Successfully started service 'sparkWorker' on port 43347.
2019-11-21 19:01:27,129 INFO worker.Worker: Starting Spark worker 129.82.44.173:43347 with 1 cores, 2.0 GB RAM
2019-11-21 19:01:27,133 INFO worker.Worker: Running Spark version 2.4.4
2019-11-21 19:01:27,133 INFO worker.Worker: Spark home: /s/chopin/a/grad/joyghosh/Source-Recommendation-System/spark-2.4.4-bin-hadoop2.7
2019-11-21 19:01:27,193 INFO util.log: Logging initialized @3382ms
2019-11-21 19:01:27,252 INFO server.Server: jetty-9.3.z-SNAPSHOT, build timestamp: unknown, git hash: unknown
2019-11-21 19:01:27,280 INFO server.Server: Started @3471ms
2019-11-21 19:01:27,300 WARN util.Utils: Service 'WorkerUI' could not bind on port 8081. Attempting port 8082.
2019-11-21 19:01:27,300 WARN util.Utils: Service 'WorkerUI' could not bind on port 8082. Attempting port 8083.
2019-11-21 19:01:27,301 WARN util.Utils: Service 'WorkerUI' could not bind on port 8083. Attempting port 8084.
2019-11-21 19:01:27,301 WARN util.Utils: Service 'WorkerUI' could not bind on port 8084. Attempting port 8085.
2019-11-21 19:01:27,301 WARN util.Utils: Service 'WorkerUI' could not bind on port 8085. Attempting port 8086.
2019-11-21 19:01:27,302 WARN util.Utils: Service 'WorkerUI' could not bind on port 8086. Attempting port 8087.
2019-11-21 19:01:27,302 WARN util.Utils: Service 'WorkerUI' could not bind on port 8087. Attempting port 8088.
2019-11-21 19:01:27,302 WARN util.Utils: Service 'WorkerUI' could not bind on port 8088. Attempting port 8089.
2019-11-21 19:01:27,310 INFO server.AbstractConnector: Started ServerConnector@1e402f{HTTP/1.1,[http/1.1]}{0.0.0.0:8089}
2019-11-21 19:01:27,310 INFO util.Utils: Successfully started service 'WorkerUI' on port 8089.
2019-11-21 19:01:27,340 INFO handler.ContextHandler: Started o.s.j.s.ServletContextHandler@95b171{/logPage,null,AVAILABLE,@Spark}
2019-11-21 19:01:27,341 INFO handler.ContextHandler: Started o.s.j.s.ServletContextHandler@1aafca7{/logPage/json,null,AVAILABLE,@Spark}
2019-11-21 19:01:27,342 INFO handler.ContextHandler: Started o.s.j.s.ServletContextHandler@19589ed{/,null,AVAILABLE,@Spark}
2019-11-21 19:01:27,343 INFO handler.ContextHandler: Started o.s.j.s.ServletContextHandler@3fa859{/json,null,AVAILABLE,@Spark}
2019-11-21 19:01:27,352 INFO handler.ContextHandler: Started o.s.j.s.ServletContextHandler@4823fd{/static,null,AVAILABLE,@Spark}
2019-11-21 19:01:27,353 INFO handler.ContextHandler: Started o.s.j.s.ServletContextHandler@6ab173{/log,null,AVAILABLE,@Spark}
2019-11-21 19:01:27,355 INFO ui.WorkerWebUI: Bound WorkerWebUI to 0.0.0.0, and started at http://tallahassee.cs.colostate.edu:8089
2019-11-21 19:01:27,358 INFO worker.Worker: Connecting to master santa-fe.cs.colostate.edu:47002...
2019-11-21 19:01:27,392 INFO handler.ContextHandler: Started o.s.j.s.ServletContextHandler@1c67415{/metrics/json,null,AVAILABLE,@Spark}
2019-11-21 19:01:27,474 INFO client.TransportClientFactory: Successfully created connection to santa-fe.cs.colostate.edu/129.82.44.171:47002 after 81 ms (0 ms spent in bootstraps)
2019-11-21 19:01:27,548 INFO worker.Worker: Successfully registered with master spark://santa-fe.cs.colostate.edu:47002
2019-11-21 19:05:29,964 INFO worker.Worker: Asked to launch executor app-20191121190529-0000/1 for PySparkShell
2019-11-21 19:05:29,991 INFO spark.SecurityManager: Changing view acls to: joyghosh
2019-11-21 19:05:29,991 INFO spark.SecurityManager: Changing modify acls to: joyghosh
2019-11-21 19:05:29,991 INFO spark.SecurityManager: Changing view acls groups to: 
2019-11-21 19:05:29,992 INFO spark.SecurityManager: Changing modify acls groups to: 
2019-11-21 19:05:29,992 INFO spark.SecurityManager: SecurityManager: authentication disabled; ui acls disabled; users  with view permissions: Set(joyghosh); groups with view permissions: Set(); users  with modify permissions: Set(joyghosh); groups with modify permissions: Set()
2019-11-21 19:05:30,055 INFO worker.ExecutorRunner: Launch command: "/usr/local/jdk1.8.0_51/bin/java" "-cp" "/s/chopin/a/grad/joyghosh/Source-Recommendation-System/spark-2.4.4-bin-hadoop2.7/conf/:/s/chopin/a/grad/joyghosh/Source-Recommendation-System/spark-2.4.4-bin-hadoop2.7/jars/*:/s/chopin/a/grad/joyghosh/Source-Recommendation-System/hadoop-conf/" "-Xmx1024M" "-Dspark.driver.port=38011" "org.apache.spark.executor.CoarseGrainedExecutorBackend" "--driver-url" "spark://CoarseGrainedScheduler@santa-fe.cs.colostate.edu:38011" "--executor-id" "1" "--hostname" "129.82.44.173" "--cores" "1" "--app-id" "app-20191121190529-0000" "--worker-url" "spark://Worker@129.82.44.173:43347"
2019-11-21 19:31:36,238 INFO worker.Worker: Asked to kill executor app-20191121190529-0000/1
2019-11-21 19:31:36,240 INFO worker.ExecutorRunner: Runner thread for executor app-20191121190529-0000/1 interrupted
2019-11-21 19:31:36,240 INFO worker.ExecutorRunner: Killing process!
2019-11-21 19:31:36,273 INFO worker.Worker: Executor app-20191121190529-0000/1 finished with state KILLED exitStatus 0
2019-11-21 19:31:36,273 INFO shuffle.ExternalShuffleBlockResolver: Clean up non-shuffle files associated with the finished executor 1
2019-11-21 19:31:36,276 INFO shuffle.ExternalShuffleBlockResolver: Executor is not registered (appId=app-20191121190529-0000, execId=1)
2019-11-21 19:31:36,278 INFO shuffle.ExternalShuffleBlockResolver: Application app-20191121190529-0000 removed, cleanupLocalDirs = true
2019-11-21 19:31:36,278 INFO worker.Worker: Cleaning up local directories for application app-20191121190529-0000
